#
# There is insufficient memory for the Java Runtime Environment to continue.
# Native memory allocation (mmap) failed to map 268435456 bytes for G1 virtual space
# Possible reasons:
#   The system is out of physical RAM or swap space
#   The process is running with CompressedOops enabled, and the Java Heap may be blocking the growth of the native heap
# Possible solutions:
#   Reduce memory load on the system
#   Increase physical memory or swap space
#   Check if swap backing store is full
#   Decrease Java heap size (-Xmx/-Xms)
#   Decrease number of Java threads
#   Decrease Java thread stack sizes (-Xss)
#   Set larger code cache with -XX:ReservedCodeCacheSize=
#   JVM is running with Zero Based Compressed Oops mode in which the Java heap is
#     placed in the first 32GB address space. The Java Heap base address is the
#     maximum limit for the native heap growth. Please use -XX:HeapBaseMinAddress
#     to set the Java Heap base and to place the Java Heap above 32GB virtual address.
# This output file may be truncated or incomplete.
#
#  Out of Memory Error (os_windows.cpp:3617), pid=9664, tid=4604
#
# JRE version:  (17.0.8+7) (build )
# Java VM: OpenJDK 64-Bit Server VM (17.0.8+7-LTS, mixed mode, emulated-client, sharing, tiered, compressed oops, compressed class ptrs, g1 gc, windows-amd64)
# No core dump will be written. Minidumps are not enabled by default on client versions of Windows
#

---------------  S U M M A R Y ------------

Command Line: -XX:TieredStopAtLevel=1 -Dspring.output.ansi.enabled=always -Dcom.sun.management.jmxremote -Dspring.jmx.enabled=true -Dspring.liveBeansView.mbeanDomain -Dspring.application.admin.enabled=true -Dmanagement.endpoints.jmx.exposure.include=* -javaagent:C:\Program Files\JetBrains\IntelliJ IDEA 2023.2\lib\idea_rt.jar=52665:C:\Program Files\JetBrains\IntelliJ IDEA 2023.2\bin -Dfile.encoding=UTF-8 pe.edu.upc.aww.takemehome0_0.TakemeHome00Application

Host: AMD Ryzen 5 3600 6-Core Processor              , 12 cores, 15G,  Windows 10 , 64 bit Build 19041 (10.0.19041.928)
Time: Sat Sep 16 14:32:15 2023 Hora est. Pacífico, Sudamérica elapsed time: 0.009655 seconds (0d 0h 0m 0s)

---------------  T H R E A D  ---------------

Current thread (0x000001771770f7f0):  JavaThread "Unknown thread" [_thread_in_vm, id=4604, stack(0x000000146e400000,0x000000146e500000)]

Stack: [0x000000146e400000,0x000000146e500000]
Native frames: (J=compiled Java code, j=interpreted, Vv=VM code, C=native code)
V  [jvm.dll+0x64c9da]
V  [jvm.dll+0x800834]
V  [jvm.dll+0x801fee]
V  [jvm.dll+0x802643]
V  [jvm.dll+0x23715b]
V  [jvm.dll+0x64977a]
V  [jvm.dll+0x63e1ca]
V  [jvm.dll+0x2f5e99]
V  [jvm.dll+0x2fd096]
V  [jvm.dll+0x349b7a]
V  [jvm.dll+0x349dbf]
V  [jvm.dll+0x2cc0d8]
V  [jvm.dll+0x2cd069]
V  [jvm.dll+0x7d4491]
V  [jvm.dll+0x357051]
V  [jvm.dll+0x7b485e]
V  [jvm.dll+0x3d45f3]
V  [jvm.dll+0x3d6041]
C  [jli.dll+0x51bf]
C  [ucrtbase.dll+0x21bb2]
C  [KERNEL32.DLL+0x17034]
C  [ntdll.dll+0x52651]


---------------  P R O C E S S  ---------------

Threads class SMR info:
_java_thread_list=0x00007ff958d0f898, length=0, elements={
}

Java Threads: ( => current thread )

Other Threads:
  0x000001771777ccd0 GCTaskThread "GC Thread#0" [stack: 0x000000146e500000,0x000000146e600000] [id=6516]
  0x000001771778da60 ConcurrentGCThread "G1 Main Marker" [stack: 0x000000146e600000,0x000000146e700000] [id=5600]
  0x000001771778ebb0 ConcurrentGCThread "G1 Conc#0" [stack: 0x000000146e700000,0x000000146e800000] [id=11156]

[error occurred during error reporting (printing all threads), id 0xc0000005, EXCEPTION_ACCESS_VIOLATION (0xc0000005) at pc=0x00007ff9584fd377]

VM state: not at safepoint (not fully initialized)

VM Mutex/Monitor currently owned by a thread:  ([mutex/lock_event])
[0x000001771770a900] Heap_lock - owner thread: 0x000001771770f7f0

Heap address: 0x0000000700c00000, size: 4084 MB, Compressed Oops mode: Zero based, Oop shift amount: 3

CDS archive(s) mapped at: [0x0000000000000000-0x0000000000000000-0x0000000000000000), size 0, SharedBaseAddress: 0x0000000800000000, ArchiveRelocationMode: 1.
Narrow klass base: 0x0000000000000000, Narrow klass shift: 0, Narrow klass range: 0x0

GC Precious Log:
<Empty>

Heap:
 garbage-first heap   total 0K, used 0K [0x0000000700c00000, 0x0000000800000000)
  region size 2048K, 0 young (0K), 0 survivors (0K)

[error occurred during error reporting (printing heap information), id 0xc0000005, EXCEPTION_ACCESS_VIOLATION (0xc0000005) at pc=0x00007ff9588c4bd9]

GC Heap History (0 events):
No events

Dll operation events (1 events):
Event: 0.007 Loaded shared library C:\Users\Adriano\.jdks\corretto-17.0.8\bin\java.dll

Deoptimization events (0 events):
No events

Classes unloaded (0 events):
No events

Classes redefined (0 events):
No events

Internal exceptions (0 events):
No events

VM Operations (0 events):
No events

Events (0 events):
No events


Dynamic libraries:
0x00007ff7007e0000 - 0x00007ff7007ed000 	C:\Users\Adriano\.jdks\corretto-17.0.8\bin\java.exe
0x00007ff9dc650000 - 0x00007ff9dc845000 	C:\Windows\SYSTEM32\ntdll.dll
0x00007ff9db970000 - 0x00007ff9dba2d000 	C:\Windows\System32\KERNEL32.DLL
0x00007ff9d9fb0000 - 0x00007ff9da278000 	C:\Windows\System32\KERNELBASE.dll
0x00007ff9d9eb0000 - 0x00007ff9d9fb0000 	C:\Windows\System32\ucrtbase.dll
0x00007ff9b2600000 - 0x00007ff9b2615000 	C:\Users\Adriano\.jdks\corretto-17.0.8\bin\VCRUNTIME140.dll
0x00007ff9b25e0000 - 0x00007ff9b25f7000 	C:\Users\Adriano\.jdks\corretto-17.0.8\bin\jli.dll
0x00007ff9dc0c0000 - 0x00007ff9dc260000 	C:\Windows\System32\USER32.dll
0x00007ff9d9dd0000 - 0x00007ff9d9df2000 	C:\Windows\System32\win32u.dll
0x00007ff9dbd90000 - 0x00007ff9dbdba000 	C:\Windows\System32\GDI32.dll
0x00007ff9c5640000 - 0x00007ff9c58da000 	C:\Windows\WinSxS\amd64_microsoft.windows.common-controls_6595b64144ccf1df_6.0.19041.844_none_ca00b6081b84eb1d\COMCTL32.dll
0x00007ff9da360000 - 0x00007ff9da46b000 	C:\Windows\System32\gdi32full.dll
0x00007ff9dc020000 - 0x00007ff9dc0be000 	C:\Windows\System32\msvcrt.dll
0x00007ff9da470000 - 0x00007ff9da50d000 	C:\Windows\System32\msvcp_win.dll
0x00007ff9db410000 - 0x00007ff9db440000 	C:\Windows\System32\IMM32.DLL
0x00007ff95a740000 - 0x00007ff95a7db000 	C:\Users\Adriano\.jdks\corretto-17.0.8\bin\msvcp140.dll
0x00007ff958220000 - 0x00007ff958e3d000 	C:\Users\Adriano\.jdks\corretto-17.0.8\bin\server\jvm.dll
0x00007ff9da830000 - 0x00007ff9da8dc000 	C:\Windows\System32\ADVAPI32.dll
0x00007ff9dc5b0000 - 0x00007ff9dc64b000 	C:\Windows\System32\sechost.dll
0x00007ff9db130000 - 0x00007ff9db25b000 	C:\Windows\System32\RPCRT4.dll
0x00007ff9d93c0000 - 0x00007ff9d940b000 	C:\Windows\SYSTEM32\POWRPROF.dll
0x00007ff9c2fa0000 - 0x00007ff9c2fa9000 	C:\Windows\SYSTEM32\WSOCK32.dll
0x00007ff9d1170000 - 0x00007ff9d1197000 	C:\Windows\SYSTEM32\WINMM.dll
0x00007ff9d3120000 - 0x00007ff9d312a000 	C:\Windows\SYSTEM32\VERSION.dll
0x00007ff9dc360000 - 0x00007ff9dc3cb000 	C:\Windows\System32\WS2_32.dll
0x00007ff9d9230000 - 0x00007ff9d9242000 	C:\Windows\SYSTEM32\UMPDC.dll
0x00007ff9d7d30000 - 0x00007ff9d7d42000 	C:\Windows\SYSTEM32\kernel.appcore.dll
0x00007ff9c3fb0000 - 0x00007ff9c3fba000 	C:\Users\Adriano\.jdks\corretto-17.0.8\bin\jimage.dll
0x00007ff9c7250000 - 0x00007ff9c7434000 	C:\Windows\SYSTEM32\DBGHELP.DLL
0x00007ff9c3fc0000 - 0x00007ff9c3fec000 	C:\Windows\SYSTEM32\dbgcore.DLL
0x00007ff9da510000 - 0x00007ff9da590000 	C:\Windows\System32\bcryptPrimitives.dll
0x00007ff9cf8c0000 - 0x00007ff9cf8ce000 	C:\Users\Adriano\.jdks\corretto-17.0.8\bin\instrument.dll
0x00007ff9b19f0000 - 0x00007ff9b1a15000 	C:\Users\Adriano\.jdks\corretto-17.0.8\bin\java.dll

dbghelp: loaded successfully - version: 4.0.5 - missing functions: none
symbol engine: initialized successfully - sym options: 0x614 - pdb path: .;C:\Users\Adriano\.jdks\corretto-17.0.8\bin;C:\Windows\SYSTEM32;C:\Windows\WinSxS\amd64_microsoft.windows.common-controls_6595b64144ccf1df_6.0.19041.844_none_ca00b6081b84eb1d;C:\Users\Adriano\.jdks\corretto-17.0.8\bin\server

VM Arguments:
jvm_args: -XX:TieredStopAtLevel=1 -Dspring.output.ansi.enabled=always -Dcom.sun.management.jmxremote -Dspring.jmx.enabled=true -Dspring.liveBeansView.mbeanDomain -Dspring.application.admin.enabled=true -Dmanagement.endpoints.jmx.exposure.include=* -javaagent:C:\Program Files\JetBrains\IntelliJ IDEA 2023.2\lib\idea_rt.jar=52665:C:\Program Files\JetBrains\IntelliJ IDEA 2023.2\bin -Dfile.encoding=UTF-8 
java_command: pe.edu.upc.aww.takemehome0_0.TakemeHome00Application
java_class_path (initial): C:\Users\Adriano\Desktop\tmh\Takemehome-main\takemehomeoficial\TakemeHome0_0\target\classes;C:\Users\Adriano\.m2\repository\org\modelmapper\modelmapper\3.1.1\modelmapper-3.1.1.jar;C:\Users\Adriano\.m2\repository\org\springdoc\springdoc-openapi-ui\1.6.4\springdoc-openapi-ui-1.6.4.jar;C:\Users\Adriano\.m2\repository\org\springdoc\springdoc-openapi-webmvc-core\1.6.4\springdoc-openapi-webmvc-core-1.6.4.jar;C:\Users\Adriano\.m2\repository\org\springdoc\springdoc-openapi-common\1.6.4\springdoc-openapi-common-1.6.4.jar;C:\Users\Adriano\.m2\repository\io\swagger\core\v3\swagger-core\2.1.12\swagger-core-2.1.12.jar;C:\Users\Adriano\.m2\repository\org\apache\commons\commons-lang3\3.12.0\commons-lang3-3.12.0.jar;C:\Users\Adriano\.m2\repository\com\fasterxml\jackson\dataformat\jackson-dataformat-yaml\2.13.5\jackson-dataformat-yaml-2.13.5.jar;C:\Users\Adriano\.m2\repository\io\swagger\core\v3\swagger-annotations\2.1.12\swagger-annotations-2.1.12.jar;C:\Users\Adriano\.m2\repository\io\swagger\core\v3\swagger-models\2.1.12\swagger-models-2.1.12.jar;C:\Users\Adriano\.m2\repository\jakarta\validation\jakarta.validation-api\2.0.2\jakarta.validation-api-2.0.2.jar;C:\Users\Adriano\.m2\repository\org\webjars\swagger-ui\4.1.3\swagger-ui-4.1.3.jar;C:\Users\Adriano\.m2\repository\org\webjars\webjars-locator-core\0.50\webjars-locator-core-0.50.jar;C:\Users\Adriano\.m2\repository\org\slf4j\slf4j-api\1.7.36\slf4j-api-1.7.36.jar;C:\Users\Adriano\.m2\repository\com\fasterxml\jackson\core\jackson-core\2.13.5\jackson-core-2.13.5.jar;C:\Users\Adriano\.m2\repository\io\github\classgraph\classgraph\4.8.138\classgraph-4.8.138.jar;C:\Users\Adriano\.m2\repository\org\springframework\boot\spring-boot-starter-data-jpa\2.7.14\spring-boot-starter-data-jpa-2.7.14.jar;C:\Users\Adriano\.m2\repository\org\springframework\boot\spring-boot-starter-aop\2.7.14\spring-boot-starter-aop-2.7.14.jar;C:\Users\Adriano\.m2\repository\org\springframework\spring-aop\5.3.29\spring-aop-5.3.29.jar;C
Launcher Type: SUN_STANDARD

[Global flags]
     intx CICompilerCount                          = 4                                         {product} {ergonomic}
     uint ConcGCThreads                            = 3                                         {product} {ergonomic}
     uint G1ConcRefinementThreads                  = 10                                        {product} {ergonomic}
   size_t G1HeapRegionSize                         = 2097152                                   {product} {ergonomic}
    uintx GCDrainStackTargetSize                   = 64                                        {product} {ergonomic}
   size_t InitialHeapSize                          = 268435456                                 {product} {ergonomic}
     bool ManagementServer                         = true                                      {product} {command line}
   size_t MarkStackSize                            = 4194304                                   {product} {ergonomic}
   size_t MaxHeapSize                              = 4282384384                                {product} {ergonomic}
   size_t MinHeapDeltaBytes                        = 2097152                                   {product} {ergonomic}
   size_t MinHeapSize                              = 8388608                                   {product} {ergonomic}
    uintx NonProfiledCodeHeapSize                  = 0                                      {pd product} {ergonomic}
     bool ProfileInterpreter                       = false                                  {pd product} {command line}
    uintx ProfiledCodeHeapSize                     = 0                                      {pd product} {ergonomic}
   size_t SoftMaxHeapSize                          = 4282384384                             {manageable} {ergonomic}
     intx TieredStopAtLevel                        = 1                                         {product} {command line}
     bool UseCompressedClassPointers               = true                           {product lp64_product} {ergonomic}
     bool UseCompressedOops                        = true                           {product lp64_product} {ergonomic}
     bool UseG1GC                                  = true                                      {product} {ergonomic}
     bool UseLargePagesIndividualAllocation        = false                                  {pd product} {ergonomic}

Logging:
Log output configuration:
 #0: stdout all=warning uptime,level,tags
 #1: stderr all=off uptime,level,tags

Environment Variables:
PATH=C:\Program Files\Microsoft\jdk-11.0.12.7-hotspot\bin;C:\Windows\system32;C:\Windows;C:\Windows\System32\Wbem;C:\Windows\System32\WindowsPowerShell\v1.0\;C:\Windows\System32\OpenSSH\;C:\Program Files (x86)\NVIDIA Corporation\PhysX\Common;C:\Program Files\NVIDIA Corporation\NVIDIA NvDLISR;C:\Program Files\wooting-analog-sdk\;C:\Program Files\Azure Data Studio\bin;C:\Program Files\Microsoft SQL Server\Client SDK\ODBC\170\Tools\Binn\;C:\Program Files (x86)\Microsoft SQL Server\150\Tools\Binn\;C:\Program Files\Microsoft SQL Server\150\Tools\Binn\;C:\Program Files\Microsoft SQL Server\150\DTS\Binn\;C:\Program Files (x86)\Microsoft SQL Server\150\DTS\Binn\;C:\Program Files\dotnet\;C:\Program Files\Git\cmd;C:\Users\Adriano\AppData\Local\Microsoft\WindowsApps;C:\Program Files\Azure Data Studio\bin;C:\Users\Adriano\.dotnet\tools;D:\VSCODE\Microsoft VS Code\bin;C:\Users\Adriano\AppData\Local\JetBrains\Toolbox\scripts;;C:\Program Files\JetBrains\IntelliJ IDEA 2023.2\bin;
USERNAME=Adriano
OS=Windows_NT
PROCESSOR_IDENTIFIER=AMD64 Family 23 Model 113 Stepping 0, AuthenticAMD
TMP=C:\Users\Adriano\AppData\Local\Temp
TEMP=C:\Users\Adriano\AppData\Local\Temp



---------------  S Y S T E M  ---------------

OS:
 Windows 10 , 64 bit Build 19041 (10.0.19041.928)
OS uptime: 0 days 5:26 hours

CPU: total 12 (initial active 12) (12 cores per cpu, 2 threads per core) family 23 model 113 stepping 0 microcode 0x0, cx8, cmov, fxsr, ht, mmx, 3dnowpref, sse, sse2, sse3, ssse3, sse4a, sse4.1, sse4.2, popcnt, lzcnt, tsc, tscinvbit, avx, avx2, aes, clmul, bmi1, bmi2, adx, sha, fma, vzeroupper, clflush, clflushopt
Processor Information for all 12 processors :
  Max Mhz: 3593, Current Mhz: 3593, Mhz Limit: 3593

Memory: 4k page, system-wide physical 16333M (4264M free)
TotalPageFile size 16333M (AvailPageFile size 87M)
current process WorkingSet (physical memory assigned to process): 10M, peak: 10M
current process commit charge ("private bytes"): 59M, peak: 315M

vm_info: OpenJDK 64-Bit Server VM (17.0.8+7-LTS) for windows-amd64 JRE (17.0.8+7-LTS), built on Jul 10 2023 20:26:03 by "Administrator" with MS VC++ 15.9 (VS2017)

END.
