#
# There is insufficient memory for the Java Runtime Environment to continue.
# Native memory allocation (mmap) failed to map 65536 bytes for Failed to commit metaspace.
# Possible reasons:
#   The system is out of physical RAM or swap space
#   The process is running with CompressedOops enabled, and the Java Heap may be blocking the growth of the native heap
# Possible solutions:
#   Reduce memory load on the system
#   Increase physical memory or swap space
#   Check if swap backing store is full
#   Decrease Java heap size (-Xmx/-Xms)
#   Decrease number of Java threads
#   Decrease Java thread stack sizes (-Xss)
#   Set larger code cache with -XX:ReservedCodeCacheSize=
#   JVM is running with Zero Based Compressed Oops mode in which the Java heap is
#     placed in the first 32GB address space. The Java Heap base address is the
#     maximum limit for the native heap growth. Please use -XX:HeapBaseMinAddress
#     to set the Java Heap base and to place the Java Heap above 32GB virtual address.
# This output file may be truncated or incomplete.
#
#  Out of Memory Error (virtualSpaceNode.cpp:110), pid=10168, tid=11568
#
# JRE version: OpenJDK Runtime Environment Corretto-17.0.8.7.1 (17.0.8+7) (build 17.0.8+7-LTS)
# Java VM: OpenJDK 64-Bit Server VM Corretto-17.0.8.7.1 (17.0.8+7-LTS, mixed mode, emulated-client, sharing, tiered, compressed oops, compressed class ptrs, g1 gc, windows-amd64)
# No core dump will be written. Minidumps are not enabled by default on client versions of Windows
#

---------------  S U M M A R Y ------------

Command Line: -XX:TieredStopAtLevel=1 -Dspring.output.ansi.enabled=always -Dcom.sun.management.jmxremote -Dspring.jmx.enabled=true -Dspring.liveBeansView.mbeanDomain -Dspring.application.admin.enabled=true -Dmanagement.endpoints.jmx.exposure.include=* -javaagent:C:\Program Files\JetBrains\IntelliJ IDEA 2023.2\lib\idea_rt.jar=52923:C:\Program Files\JetBrains\IntelliJ IDEA 2023.2\bin -Dfile.encoding=UTF-8 pe.edu.upc.aww.takemehome0_0.TakemeHome00Application

Host: AMD Ryzen 5 3600 6-Core Processor              , 12 cores, 15G,  Windows 10 , 64 bit Build 19041 (10.0.19041.928)
Time: Sat Sep 16 15:00:36 2023 Hora est. Pacífico, Sudamérica elapsed time: 0.844249 seconds (0d 0h 0m 0s)

---------------  T H R E A D  ---------------

Current thread (0x0000023af5650460):  JavaThread "restartedMain" [_thread_in_vm, id=11568, stack(0x0000004fca900000,0x0000004fcaa00000)]

Stack: [0x0000004fca900000,0x0000004fcaa00000]
Native frames: (J=compiled Java code, j=interpreted, Vv=VM code, C=native code)
V  [jvm.dll+0x64c9da]
V  [jvm.dll+0x800834]
V  [jvm.dll+0x801fee]
V  [jvm.dll+0x802643]
V  [jvm.dll+0x23715b]
V  [jvm.dll+0x7fc8fb]
V  [jvm.dll+0x5f3916]
V  [jvm.dll+0x1b61be]
V  [jvm.dll+0x5f6164]
V  [jvm.dll+0x5f42cd]
V  [jvm.dll+0x5fd8a7]
V  [jvm.dll+0x23fa37]
V  [jvm.dll+0x240efe]
V  [jvm.dll+0x1d768a]
V  [jvm.dll+0x1d6caa]
V  [jvm.dll+0x51ac49]
V  [jvm.dll+0x77ec6c]
V  [jvm.dll+0x77ed54]
V  [jvm.dll+0x3f3db5]
V  [jvm.dll+0x3f9a21]
C  [java.dll+0x17ec]

Java frames: (J=compiled Java code, j=interpreted, Vv=VM code)
J 1179  java.lang.ClassLoader.defineClass1(Ljava/lang/ClassLoader;Ljava/lang/String;[BIILjava/security/ProtectionDomain;Ljava/lang/String;)Ljava/lang/Class; java.base@17.0.8 (0 bytes) @ 0x0000023aa0601fe3 [0x0000023aa0601f20+0x00000000000000c3]
J 1336 c1 java.lang.ClassLoader.defineClass(Ljava/lang/String;[BIILjava/security/ProtectionDomain;)Ljava/lang/Class; java.base@17.0.8 (43 bytes) @ 0x0000023aa064796c [0x0000023aa0647860+0x000000000000010c]
J 1191 c1 jdk.internal.loader.BuiltinClassLoader.defineClass(Ljava/lang/String;Ljdk/internal/loader/Resource;)Ljava/lang/Class; java.base@17.0.8 (121 bytes) @ 0x0000023aa060f174 [0x0000023aa060eca0+0x00000000000004d4]
J 1177 c1 jdk.internal.loader.BuiltinClassLoader.findClassOnClassPathOrNull(Ljava/lang/String;)Ljava/lang/Class; java.base@17.0.8 (64 bytes) @ 0x0000023aa060726c [0x0000023aa0606fa0+0x00000000000002cc]
J 927 c1 jdk.internal.loader.BuiltinClassLoader.loadClassOrNull(Ljava/lang/String;Z)Ljava/lang/Class; java.base@17.0.8 (143 bytes) @ 0x0000023aa050d084 [0x0000023aa050cc00+0x0000000000000484]
J 1066 c1 jdk.internal.loader.ClassLoaders$AppClassLoader.loadClass(Ljava/lang/String;Z)Ljava/lang/Class; java.base@17.0.8 (40 bytes) @ 0x0000023aa05d5e2c [0x0000023aa05d5ce0+0x000000000000014c]
J 1063 c1 java.lang.ClassLoader.loadClass(Ljava/lang/String;)Ljava/lang/Class; java.base@17.0.8 (7 bytes) @ 0x0000023aa05d4ee4 [0x0000023aa05d4ea0+0x0000000000000044]
v  ~StubRoutines::call_stub
J 1179  java.lang.ClassLoader.defineClass1(Ljava/lang/ClassLoader;Ljava/lang/String;[BIILjava/security/ProtectionDomain;Ljava/lang/String;)Ljava/lang/Class; java.base@17.0.8 (0 bytes) @ 0x0000023aa0601fe3 [0x0000023aa0601f20+0x00000000000000c3]
J 1336 c1 java.lang.ClassLoader.defineClass(Ljava/lang/String;[BIILjava/security/ProtectionDomain;)Ljava/lang/Class; java.base@17.0.8 (43 bytes) @ 0x0000023aa064796c [0x0000023aa0647860+0x000000000000010c]
J 1191 c1 jdk.internal.loader.BuiltinClassLoader.defineClass(Ljava/lang/String;Ljdk/internal/loader/Resource;)Ljava/lang/Class; java.base@17.0.8 (121 bytes) @ 0x0000023aa060f174 [0x0000023aa060eca0+0x00000000000004d4]
J 1177 c1 jdk.internal.loader.BuiltinClassLoader.findClassOnClassPathOrNull(Ljava/lang/String;)Ljava/lang/Class; java.base@17.0.8 (64 bytes) @ 0x0000023aa060726c [0x0000023aa0606fa0+0x00000000000002cc]
J 927 c1 jdk.internal.loader.BuiltinClassLoader.loadClassOrNull(Ljava/lang/String;Z)Ljava/lang/Class; java.base@17.0.8 (143 bytes) @ 0x0000023aa050d084 [0x0000023aa050cc00+0x0000000000000484]
J 1066 c1 jdk.internal.loader.ClassLoaders$AppClassLoader.loadClass(Ljava/lang/String;Z)Ljava/lang/Class; java.base@17.0.8 (40 bytes) @ 0x0000023aa05d5e2c [0x0000023aa05d5ce0+0x000000000000014c]
J 1063 c1 java.lang.ClassLoader.loadClass(Ljava/lang/String;)Ljava/lang/Class; java.base@17.0.8 (7 bytes) @ 0x0000023aa05d4ee4 [0x0000023aa05d4ea0+0x0000000000000044]
v  ~StubRoutines::call_stub
J 902  java.lang.Class.forName0(Ljava/lang/String;ZLjava/lang/ClassLoader;Ljava/lang/Class;)Ljava/lang/Class; java.base@17.0.8 (0 bytes) @ 0x0000023aa050252f [0x0000023aa05024a0+0x000000000000008f]
J 905 c1 java.lang.Class.forName(Ljava/lang/String;ZLjava/lang/ClassLoader;)Ljava/lang/Class; java.base@17.0.8 (47 bytes) @ 0x0000023aa050323c [0x0000023aa0503140+0x00000000000000fc]
j  org.springframework.boot.devtools.restart.classloader.RestartClassLoader.loadClass(Ljava/lang/String;Z)Ljava/lang/Class;+90
J 1063 c1 java.lang.ClassLoader.loadClass(Ljava/lang/String;)Ljava/lang/Class; java.base@17.0.8 (7 bytes) @ 0x0000023aa05d4ee4 [0x0000023aa05d4ea0+0x0000000000000044]
v  ~StubRoutines::call_stub
J 902  java.lang.Class.forName0(Ljava/lang/String;ZLjava/lang/ClassLoader;Ljava/lang/Class;)Ljava/lang/Class; java.base@17.0.8 (0 bytes) @ 0x0000023aa050252f [0x0000023aa05024a0+0x000000000000008f]
J 905 c1 java.lang.Class.forName(Ljava/lang/String;ZLjava/lang/ClassLoader;)Ljava/lang/Class; java.base@17.0.8 (47 bytes) @ 0x0000023aa050323c [0x0000023aa0503140+0x00000000000000fc]
j  org.springframework.boot.autoconfigure.condition.FilteringSpringBootCondition.resolve(Ljava/lang/String;Ljava/lang/ClassLoader;)Ljava/lang/Class;+7
j  org.springframework.boot.autoconfigure.condition.FilteringSpringBootCondition$ClassNameFilter.isPresent(Ljava/lang/String;Ljava/lang/ClassLoader;)Z+10
j  org.springframework.boot.autoconfigure.condition.FilteringSpringBootCondition$ClassNameFilter$2.matches(Ljava/lang/String;Ljava/lang/ClassLoader;)Z+2
j  org.springframework.boot.autoconfigure.condition.OnClassCondition$StandardOutcomesResolver.getOutcome(Ljava/lang/String;Ljava/lang/ClassLoader;)Lorg/springframework/boot/autoconfigure/condition/ConditionOutcome;+5
j  org.springframework.boot.autoconfigure.condition.OnClassCondition$StandardOutcomesResolver.getOutcome(Ljava/lang/String;)Lorg/springframework/boot/autoconfigure/condition/ConditionOutcome;+49
j  org.springframework.boot.autoconfigure.condition.OnClassCondition$StandardOutcomesResolver.getOutcomes([Ljava/lang/String;IILorg/springframework/boot/autoconfigure/AutoConfigurationMetadata;)[Lorg/springframework/boot/autoconfigure/condition/ConditionOutcome;+55
j  org.springframework.boot.autoconfigure.condition.OnClassCondition$StandardOutcomesResolver.resolveOutcomes()[Lorg/springframework/boot/autoconfigure/condition/ConditionOutcome;+17
j  org.springframework.boot.autoconfigure.condition.OnClassCondition.resolveOutcomesThreaded([Ljava/lang/String;Lorg/springframework/boot/autoconfigure/AutoConfigurationMetadata;)[Lorg/springframework/boot/autoconfigure/condition/ConditionOutcome;+36
j  org.springframework.boot.autoconfigure.condition.OnClassCondition.getOutcomes([Ljava/lang/String;Lorg/springframework/boot/autoconfigure/AutoConfigurationMetadata;)[Lorg/springframework/boot/autoconfigure/condition/ConditionOutcome;+19
j  org.springframework.boot.autoconfigure.condition.FilteringSpringBootCondition.match([Ljava/lang/String;Lorg/springframework/boot/autoconfigure/AutoConfigurationMetadata;)[Z+11
j  org.springframework.boot.autoconfigure.AutoConfigurationImportSelector$ConfigurationClassFilter.filter(Ljava/util/List;)Ljava/util/List;+54
j  org.springframework.boot.autoconfigure.AutoConfigurationImportSelector.getAutoConfigurationEntry(Lorg/springframework/core/type/AnnotationMetadata;)Lorg/springframework/boot/autoconfigure/AutoConfigurationImportSelector$AutoConfigurationEntry;+60
j  org.springframework.boot.autoconfigure.AutoConfigurationImportSelector$AutoConfigurationGroup.process(Lorg/springframework/core/type/AnnotationMetadata;Lorg/springframework/context/annotation/DeferredImportSelector;)V+18
j  org.springframework.context.annotation.ConfigurationClassParser$DeferredImportSelectorGrouping.getImports()Ljava/lang/Iterable;+44
j  org.springframework.context.annotation.ConfigurationClassParser$DeferredImportSelectorGroupingHandler.processGroupImports()V+40
j  org.springframework.context.annotation.ConfigurationClassParser$DeferredImportSelectorHandler.process()V+54
j  org.springframework.context.annotation.ConfigurationClassParser.parse(Ljava/util/Set;)V+171
j  org.springframework.context.annotation.ConfigurationClassPostProcessor.processConfigBeanDefinitions(Lorg/springframework/beans/factory/support/BeanDefinitionRegistry;)V+308
j  org.springframework.context.annotation.ConfigurationClassPostProcessor.postProcessBeanDefinitionRegistry(Lorg/springframework/beans/factory/support/BeanDefinitionRegistry;)V+107
j  org.springframework.context.support.PostProcessorRegistrationDelegate.invokeBeanDefinitionRegistryPostProcessors(Ljava/util/Collection;Lorg/springframework/beans/factory/support/BeanDefinitionRegistry;Lorg/springframework/core/metrics/ApplicationStartup;)V+59
j  org.springframework.context.support.PostProcessorRegistrationDelegate.invokeBeanFactoryPostProcessors(Lorg/springframework/beans/factory/config/ConfigurableListableBeanFactory;Ljava/util/List;)V+235
j  org.springframework.context.support.AbstractApplicationContext.invokeBeanFactoryPostProcessors(Lorg/springframework/beans/factory/config/ConfigurableListableBeanFactory;)V+5
j  org.springframework.context.support.AbstractApplicationContext.refresh()V+53
j  org.springframework.boot.web.servlet.context.ServletWebServerApplicationContext.refresh()V+1
j  org.springframework.boot.SpringApplication.refresh(Lorg/springframework/context/ConfigurableApplicationContext;)V+1
j  org.springframework.boot.SpringApplication.refreshContext(Lorg/springframework/context/ConfigurableApplicationContext;)V+16
j  org.springframework.boot.SpringApplication.run([Ljava/lang/String;)Lorg/springframework/context/ConfigurableApplicationContext;+107
j  org.springframework.boot.SpringApplication.run([Ljava/lang/Class;[Ljava/lang/String;)Lorg/springframework/context/ConfigurableApplicationContext;+9
j  org.springframework.boot.SpringApplication.run(Ljava/lang/Class;[Ljava/lang/String;)Lorg/springframework/context/ConfigurableApplicationContext;+9
j  pe.edu.upc.aww.takemehome0_0.TakemeHome00Application.main([Ljava/lang/String;)V+3
v  ~StubRoutines::call_stub
j  jdk.internal.reflect.NativeMethodAccessorImpl.invoke0(Ljava/lang/reflect/Method;Ljava/lang/Object;[Ljava/lang/Object;)Ljava/lang/Object;+0 java.base@17.0.8
j  jdk.internal.reflect.NativeMethodAccessorImpl.invoke(Ljava/lang/Object;[Ljava/lang/Object;)Ljava/lang/Object;+133 java.base@17.0.8
j  jdk.internal.reflect.DelegatingMethodAccessorImpl.invoke(Ljava/lang/Object;[Ljava/lang/Object;)Ljava/lang/Object;+6 java.base@17.0.8
j  java.lang.reflect.Method.invoke(Ljava/lang/Object;[Ljava/lang/Object;)Ljava/lang/Object;+59 java.base@17.0.8
j  org.springframework.boot.devtools.restart.RestartLauncher.run()V+47
v  ~StubRoutines::call_stub

---------------  P R O C E S S  ---------------

Threads class SMR info:
_java_thread_list=0x0000023af5f05760, length=19, elements={
0x0000023a986a62c0, 0x0000023aaf992a10, 0x0000023aaf9940a0, 0x0000023aafac6ea0,
0x0000023aafac9c30, 0x0000023aafacb600, 0x0000023aafacbfc0, 0x0000023aafacca30,
0x0000023aafade190, 0x0000023aafbbf0a0, 0x0000023aafbc35a0, 0x0000023aafbc40b0,
0x0000023af50db660, 0x0000023af50dbb40, 0x0000023af521f340, 0x0000023af553cc60,
0x0000023af564a030, 0x0000023af5650460, 0x0000023af5db1d70
}

Java Threads: ( => current thread )
  0x0000023a986a62c0 JavaThread "main" [_thread_blocked, id=10984, stack(0x0000004fc8800000,0x0000004fc8900000)]
  0x0000023aaf992a10 JavaThread "Reference Handler" daemon [_thread_blocked, id=10364, stack(0x0000004fc8f00000,0x0000004fc9000000)]
  0x0000023aaf9940a0 JavaThread "Finalizer" daemon [_thread_blocked, id=8736, stack(0x0000004fc9000000,0x0000004fc9100000)]
  0x0000023aafac6ea0 JavaThread "Signal Dispatcher" daemon [_thread_blocked, id=4408, stack(0x0000004fc9100000,0x0000004fc9200000)]
  0x0000023aafac9c30 JavaThread "Attach Listener" daemon [_thread_blocked, id=8540, stack(0x0000004fc9200000,0x0000004fc9300000)]
  0x0000023aafacb600 JavaThread "Service Thread" daemon [_thread_blocked, id=2680, stack(0x0000004fc9300000,0x0000004fc9400000)]
  0x0000023aafacbfc0 JavaThread "Monitor Deflation Thread" daemon [_thread_blocked, id=12100, stack(0x0000004fc9400000,0x0000004fc9500000)]
  0x0000023aafacca30 JavaThread "C1 CompilerThread0" daemon [_thread_blocked, id=12152, stack(0x0000004fc9500000,0x0000004fc9600000)]
  0x0000023aafade190 JavaThread "Sweeper thread" daemon [_thread_blocked, id=12156, stack(0x0000004fc9600000,0x0000004fc9700000)]
  0x0000023aafbbf0a0 JavaThread "Common-Cleaner" daemon [_thread_blocked, id=12096, stack(0x0000004fc9700000,0x0000004fc9800000)]
  0x0000023aafbc35a0 JavaThread "C1 CompilerThread1" daemon [_thread_blocked, id=10856, stack(0x0000004fc9800000,0x0000004fc9900000)]
  0x0000023aafbc40b0 JavaThread "C1 CompilerThread2" daemon [_thread_blocked, id=10932, stack(0x0000004fc9900000,0x0000004fc9a00000)]
  0x0000023af50db660 JavaThread "Monitor Ctrl-Break" daemon [_thread_in_native, id=8032, stack(0x0000004fc9a00000,0x0000004fc9b00000)]
  0x0000023af50dbb40 JavaThread "Notification Thread" daemon [_thread_blocked, id=8332, stack(0x0000004fc9b00000,0x0000004fc9c00000)]
  0x0000023af521f340 JavaThread "RMI TCP Accept-0" daemon [_thread_in_native, id=10704, stack(0x0000004fc9c00000,0x0000004fc9d00000)]
  0x0000023af553cc60 JavaThread "C1 CompilerThread3" daemon [_thread_blocked, id=12812, stack(0x0000004fc9e00000,0x0000004fc9f00000)]
  0x0000023af564a030 JavaThread "Thread-0" [_thread_blocked, id=11512, stack(0x0000004fca800000,0x0000004fca900000)]
=>0x0000023af5650460 JavaThread "restartedMain" [_thread_in_vm, id=11568, stack(0x0000004fca900000,0x0000004fcaa00000)]
  0x0000023af5db1d70 JavaThread "Thread-3" [_thread_blocked, id=12548, stack(0x0000004fcaa00000,0x0000004fcab00000)]

Other Threads:
  0x0000023aaf98cdf0 VMThread "VM Thread" [stack: 0x0000004fc8e00000,0x0000004fc8f00000] [id=2336]
  0x0000023a9873b2d0 WatcherThread [stack: 0x0000004fc9d00000,0x0000004fc9e00000] [id=11868]
  0x0000023a98710710 GCTaskThread "GC Thread#0" [stack: 0x0000004fc8900000,0x0000004fc8a00000] [id=5748]
  0x0000023af55c5610 GCTaskThread "GC Thread#1" [stack: 0x0000004fc9f00000,0x0000004fca000000] [id=11976]
  0x0000023af55c58d0 GCTaskThread "GC Thread#2" [stack: 0x0000004fca000000,0x0000004fca100000] [id=10652]
  0x0000023af560c450 GCTaskThread "GC Thread#3" [stack: 0x0000004fca100000,0x0000004fca200000] [id=9740]
  0x0000023af560c710 GCTaskThread "GC Thread#4" [stack: 0x0000004fca200000,0x0000004fca300000] [id=11556]
  0x0000023af560c9d0 GCTaskThread "GC Thread#5" [stack: 0x0000004fca300000,0x0000004fca400000] [id=11572]
  0x0000023af5625d40 GCTaskThread "GC Thread#6" [stack: 0x0000004fca400000,0x0000004fca500000] [id=11644]
  0x0000023af5626000 GCTaskThread "GC Thread#7" [stack: 0x0000004fca500000,0x0000004fca600000] [id=1820]
  0x0000023af578c480 GCTaskThread "GC Thread#8" [stack: 0x0000004fcab00000,0x0000004fcac00000] [id=11872]
  0x0000023af5cf4c40 GCTaskThread "GC Thread#9" [stack: 0x0000004fcac00000,0x0000004fcad00000] [id=9764]
  0x0000023a987215a0 ConcurrentGCThread "G1 Main Marker" [stack: 0x0000004fc8a00000,0x0000004fc8b00000] [id=9548]
  0x0000023a987227f0 ConcurrentGCThread "G1 Conc#0" [stack: 0x0000004fc8b00000,0x0000004fc8c00000] [id=12356]
  0x0000023a9875e5b0 ConcurrentGCThread "G1 Refine#0" [stack: 0x0000004fc8c00000,0x0000004fc8d00000] [id=9836]
  0x0000023af562eae0 ConcurrentGCThread "G1 Refine#1" [stack: 0x0000004fca600000,0x0000004fca700000] [id=12160]
  0x0000023af55eebf0 ConcurrentGCThread "G1 Refine#2" [stack: 0x0000004fca700000,0x0000004fca800000] [id=12044]
  0x0000023aaf8436e0 ConcurrentGCThread "G1 Service" [stack: 0x0000004fc8d00000,0x0000004fc8e00000] [id=12428]

Threads with active compile tasks:

VM state: not at safepoint (normal execution)

VM Mutex/Monitor currently owned by a thread:  ([mutex/lock_event])
[0x0000023a986a2570] Metaspace_lock - owner thread: 0x0000023af5650460

Heap address: 0x0000000700c00000, size: 4084 MB, Compressed Oops mode: Zero based, Oop shift amount: 3

CDS archive(s) mapped at: [0x0000023ab0000000-0x0000023ab0bd0000-0x0000023ab0bd0000), size 12386304, SharedBaseAddress: 0x0000023ab0000000, ArchiveRelocationMode: 1.
Compressed class space mapped at: 0x0000023ab1000000-0x0000023af1000000, reserved size: 1073741824
Narrow klass base: 0x0000023ab0000000, Narrow klass shift: 0, Narrow klass range: 0x100000000

GC Precious Log:
 CPUs: 12 total, 12 available
 Memory: 16333M
 Large Page Support: Disabled
 NUMA Support: Disabled
 Compressed Oops: Enabled (Zero based)
 Heap Region Size: 2M
 Heap Min Capacity: 8M
 Heap Initial Capacity: 256M
 Heap Max Capacity: 4084M
 Pre-touch: Disabled
 Parallel Workers: 10
 Concurrent Workers: 3
 Concurrent Refinement Workers: 10
 Periodic GC: Disabled

Heap:
 garbage-first heap   total 262144K, used 39945K [0x0000000700c00000, 0x0000000800000000)
  region size 2048K, 17 young (34816K), 1 survivors (2048K)
 Metaspace       used 16906K, committed 17152K, reserved 1114112K
  class space    used 2247K, committed 2368K, reserved 1048576K

Heap Regions: E=young(eden), S=young(survivor), O=old, HS=humongous(starts), HC=humongous(continues), CS=collection set, F=free, OA=open archive, CA=closed archive, TAMS=top-at-mark-start (previous, next)
|   0|0x0000000700c00000, 0x0000000700e00000, 0x0000000700e00000|100%| O|  |TAMS 0x0000000700c00000, 0x0000000700c00000| Untracked 
|   1|0x0000000700e00000, 0x0000000701000000, 0x0000000701000000|100%| O|  |TAMS 0x0000000700e00000, 0x0000000700e00000| Untracked 
|   2|0x0000000701000000, 0x0000000701200000, 0x0000000701200000|100%| O|  |TAMS 0x0000000701000000, 0x0000000701000000| Untracked 
|   3|0x0000000701200000, 0x0000000701369c00, 0x0000000701400000| 70%| O|  |TAMS 0x0000000701200000, 0x0000000701200000| Untracked 
|   4|0x0000000701400000, 0x0000000701400000, 0x0000000701600000|  0%| F|  |TAMS 0x0000000701400000, 0x0000000701400000| Untracked 
|   5|0x0000000701600000, 0x0000000701600000, 0x0000000701800000|  0%| F|  |TAMS 0x0000000701600000, 0x0000000701600000| Untracked 
|   6|0x0000000701800000, 0x0000000701800000, 0x0000000701a00000|  0%| F|  |TAMS 0x0000000701800000, 0x0000000701800000| Untracked 
|   7|0x0000000701a00000, 0x0000000701a00000, 0x0000000701c00000|  0%| F|  |TAMS 0x0000000701a00000, 0x0000000701a00000| Untracked 
|   8|0x0000000701c00000, 0x0000000701c00000, 0x0000000701e00000|  0%| F|  |TAMS 0x0000000701c00000, 0x0000000701c00000| Untracked 
|   9|0x0000000701e00000, 0x0000000701e00000, 0x0000000702000000|  0%| F|  |TAMS 0x0000000701e00000, 0x0000000701e00000| Untracked 
|  10|0x0000000702000000, 0x0000000702000000, 0x0000000702200000|  0%| F|  |TAMS 0x0000000702000000, 0x0000000702000000| Untracked 
|  11|0x0000000702200000, 0x0000000702200000, 0x0000000702400000|  0%| F|  |TAMS 0x0000000702200000, 0x0000000702200000| Untracked 
|  12|0x0000000702400000, 0x0000000702400000, 0x0000000702600000|  0%| F|  |TAMS 0x0000000702400000, 0x0000000702400000| Untracked 
|  13|0x0000000702600000, 0x0000000702600000, 0x0000000702800000|  0%| F|  |TAMS 0x0000000702600000, 0x0000000702600000| Untracked 
|  14|0x0000000702800000, 0x0000000702800000, 0x0000000702a00000|  0%| F|  |TAMS 0x0000000702800000, 0x0000000702800000| Untracked 
|  15|0x0000000702a00000, 0x0000000702a00000, 0x0000000702c00000|  0%| F|  |TAMS 0x0000000702a00000, 0x0000000702a00000| Untracked 
|  16|0x0000000702c00000, 0x0000000702c00000, 0x0000000702e00000|  0%| F|  |TAMS 0x0000000702c00000, 0x0000000702c00000| Untracked 
|  17|0x0000000702e00000, 0x0000000702e00000, 0x0000000703000000|  0%| F|  |TAMS 0x0000000702e00000, 0x0000000702e00000| Untracked 
|  18|0x0000000703000000, 0x0000000703000000, 0x0000000703200000|  0%| F|  |TAMS 0x0000000703000000, 0x0000000703000000| Untracked 
|  19|0x0000000703200000, 0x0000000703200000, 0x0000000703400000|  0%| F|  |TAMS 0x0000000703200000, 0x0000000703200000| Untracked 
|  20|0x0000000703400000, 0x0000000703400000, 0x0000000703600000|  0%| F|  |TAMS 0x0000000703400000, 0x0000000703400000| Untracked 
|  21|0x0000000703600000, 0x0000000703600000, 0x0000000703800000|  0%| F|  |TAMS 0x0000000703600000, 0x0000000703600000| Untracked 
|  22|0x0000000703800000, 0x0000000703800000, 0x0000000703a00000|  0%| F|  |TAMS 0x0000000703800000, 0x0000000703800000| Untracked 
|  23|0x0000000703a00000, 0x0000000703a00000, 0x0000000703c00000|  0%| F|  |TAMS 0x0000000703a00000, 0x0000000703a00000| Untracked 
|  24|0x0000000703c00000, 0x0000000703c00000, 0x0000000703e00000|  0%| F|  |TAMS 0x0000000703c00000, 0x0000000703c00000| Untracked 
|  25|0x0000000703e00000, 0x0000000703e00000, 0x0000000704000000|  0%| F|  |TAMS 0x0000000703e00000, 0x0000000703e00000| Untracked 
|  26|0x0000000704000000, 0x0000000704000000, 0x0000000704200000|  0%| F|  |TAMS 0x0000000704000000, 0x0000000704000000| Untracked 
|  27|0x0000000704200000, 0x0000000704200000, 0x0000000704400000|  0%| F|  |TAMS 0x0000000704200000, 0x0000000704200000| Untracked 
|  28|0x0000000704400000, 0x0000000704400000, 0x0000000704600000|  0%| F|  |TAMS 0x0000000704400000, 0x0000000704400000| Untracked 
|  29|0x0000000704600000, 0x0000000704600000, 0x0000000704800000|  0%| F|  |TAMS 0x0000000704600000, 0x0000000704600000| Untracked 
|  30|0x0000000704800000, 0x0000000704800000, 0x0000000704a00000|  0%| F|  |TAMS 0x0000000704800000, 0x0000000704800000| Untracked 
|  31|0x0000000704a00000, 0x0000000704a00000, 0x0000000704c00000|  0%| F|  |TAMS 0x0000000704a00000, 0x0000000704a00000| Untracked 
|  32|0x0000000704c00000, 0x0000000704c00000, 0x0000000704e00000|  0%| F|  |TAMS 0x0000000704c00000, 0x0000000704c00000| Untracked 
|  33|0x0000000704e00000, 0x0000000704e00000, 0x0000000705000000|  0%| F|  |TAMS 0x0000000704e00000, 0x0000000704e00000| Untracked 
|  34|0x0000000705000000, 0x0000000705000000, 0x0000000705200000|  0%| F|  |TAMS 0x0000000705000000, 0x0000000705000000| Untracked 
|  35|0x0000000705200000, 0x0000000705200000, 0x0000000705400000|  0%| F|  |TAMS 0x0000000705200000, 0x0000000705200000| Untracked 
|  36|0x0000000705400000, 0x0000000705400000, 0x0000000705600000|  0%| F|  |TAMS 0x0000000705400000, 0x0000000705400000| Untracked 
|  37|0x0000000705600000, 0x0000000705600000, 0x0000000705800000|  0%| F|  |TAMS 0x0000000705600000, 0x0000000705600000| Untracked 
|  38|0x0000000705800000, 0x0000000705800000, 0x0000000705a00000|  0%| F|  |TAMS 0x0000000705800000, 0x0000000705800000| Untracked 
|  39|0x0000000705a00000, 0x0000000705a00000, 0x0000000705c00000|  0%| F|  |TAMS 0x0000000705a00000, 0x0000000705a00000| Untracked 
|  40|0x0000000705c00000, 0x0000000705c00000, 0x0000000705e00000|  0%| F|  |TAMS 0x0000000705c00000, 0x0000000705c00000| Untracked 
|  41|0x0000000705e00000, 0x0000000705e00000, 0x0000000706000000|  0%| F|  |TAMS 0x0000000705e00000, 0x0000000705e00000| Untracked 
|  42|0x0000000706000000, 0x0000000706000000, 0x0000000706200000|  0%| F|  |TAMS 0x0000000706000000, 0x0000000706000000| Untracked 
|  43|0x0000000706200000, 0x0000000706200000, 0x0000000706400000|  0%| F|  |TAMS 0x0000000706200000, 0x0000000706200000| Untracked 
|  44|0x0000000706400000, 0x0000000706400000, 0x0000000706600000|  0%| F|  |TAMS 0x0000000706400000, 0x0000000706400000| Untracked 
|  45|0x0000000706600000, 0x0000000706600000, 0x0000000706800000|  0%| F|  |TAMS 0x0000000706600000, 0x0000000706600000| Untracked 
|  46|0x0000000706800000, 0x0000000706800000, 0x0000000706a00000|  0%| F|  |TAMS 0x0000000706800000, 0x0000000706800000| Untracked 
|  47|0x0000000706a00000, 0x0000000706a00000, 0x0000000706c00000|  0%| F|  |TAMS 0x0000000706a00000, 0x0000000706a00000| Untracked 
|  48|0x0000000706c00000, 0x0000000706c00000, 0x0000000706e00000|  0%| F|  |TAMS 0x0000000706c00000, 0x0000000706c00000| Untracked 
|  49|0x0000000706e00000, 0x0000000706e00000, 0x0000000707000000|  0%| F|  |TAMS 0x0000000706e00000, 0x0000000706e00000| Untracked 
|  50|0x0000000707000000, 0x0000000707000000, 0x0000000707200000|  0%| F|  |TAMS 0x0000000707000000, 0x0000000707000000| Untracked 
|  51|0x0000000707200000, 0x0000000707200000, 0x0000000707400000|  0%| F|  |TAMS 0x0000000707200000, 0x0000000707200000| Untracked 
|  52|0x0000000707400000, 0x0000000707400000, 0x0000000707600000|  0%| F|  |TAMS 0x0000000707400000, 0x0000000707400000| Untracked 
|  53|0x0000000707600000, 0x0000000707600000, 0x0000000707800000|  0%| F|  |TAMS 0x0000000707600000, 0x0000000707600000| Untracked 
|  54|0x0000000707800000, 0x0000000707800000, 0x0000000707a00000|  0%| F|  |TAMS 0x0000000707800000, 0x0000000707800000| Untracked 
|  55|0x0000000707a00000, 0x0000000707a00000, 0x0000000707c00000|  0%| F|  |TAMS 0x0000000707a00000, 0x0000000707a00000| Untracked 
|  56|0x0000000707c00000, 0x0000000707c00000, 0x0000000707e00000|  0%| F|  |TAMS 0x0000000707c00000, 0x0000000707c00000| Untracked 
|  57|0x0000000707e00000, 0x0000000707e00000, 0x0000000708000000|  0%| F|  |TAMS 0x0000000707e00000, 0x0000000707e00000| Untracked 
|  58|0x0000000708000000, 0x0000000708000000, 0x0000000708200000|  0%| F|  |TAMS 0x0000000708000000, 0x0000000708000000| Untracked 
|  59|0x0000000708200000, 0x0000000708200000, 0x0000000708400000|  0%| F|  |TAMS 0x0000000708200000, 0x0000000708200000| Untracked 
|  60|0x0000000708400000, 0x0000000708400000, 0x0000000708600000|  0%| F|  |TAMS 0x0000000708400000, 0x0000000708400000| Untracked 
|  61|0x0000000708600000, 0x0000000708600000, 0x0000000708800000|  0%| F|  |TAMS 0x0000000708600000, 0x0000000708600000| Untracked 
|  62|0x0000000708800000, 0x0000000708800000, 0x0000000708a00000|  0%| F|  |TAMS 0x0000000708800000, 0x0000000708800000| Untracked 
|  63|0x0000000708a00000, 0x0000000708a00000, 0x0000000708c00000|  0%| F|  |TAMS 0x0000000708a00000, 0x0000000708a00000| Untracked 
|  64|0x0000000708c00000, 0x0000000708c00000, 0x0000000708e00000|  0%| F|  |TAMS 0x0000000708c00000, 0x0000000708c00000| Untracked 
|  65|0x0000000708e00000, 0x0000000708e00000, 0x0000000709000000|  0%| F|  |TAMS 0x0000000708e00000, 0x0000000708e00000| Untracked 
|  66|0x0000000709000000, 0x0000000709000000, 0x0000000709200000|  0%| F|  |TAMS 0x0000000709000000, 0x0000000709000000| Untracked 
|  67|0x0000000709200000, 0x0000000709200000, 0x0000000709400000|  0%| F|  |TAMS 0x0000000709200000, 0x0000000709200000| Untracked 
|  68|0x0000000709400000, 0x0000000709400000, 0x0000000709600000|  0%| F|  |TAMS 0x0000000709400000, 0x0000000709400000| Untracked 
|  69|0x0000000709600000, 0x0000000709600000, 0x0000000709800000|  0%| F|  |TAMS 0x0000000709600000, 0x0000000709600000| Untracked 
|  70|0x0000000709800000, 0x0000000709800000, 0x0000000709a00000|  0%| F|  |TAMS 0x0000000709800000, 0x0000000709800000| Untracked 
|  71|0x0000000709a00000, 0x0000000709a00000, 0x0000000709c00000|  0%| F|  |TAMS 0x0000000709a00000, 0x0000000709a00000| Untracked 
|  72|0x0000000709c00000, 0x0000000709c00000, 0x0000000709e00000|  0%| F|  |TAMS 0x0000000709c00000, 0x0000000709c00000| Untracked 
|  73|0x0000000709e00000, 0x0000000709e00000, 0x000000070a000000|  0%| F|  |TAMS 0x0000000709e00000, 0x0000000709e00000| Untracked 
|  74|0x000000070a000000, 0x000000070a000000, 0x000000070a200000|  0%| F|  |TAMS 0x000000070a000000, 0x000000070a000000| Untracked 
|  75|0x000000070a200000, 0x000000070a200000, 0x000000070a400000|  0%| F|  |TAMS 0x000000070a200000, 0x000000070a200000| Untracked 
|  76|0x000000070a400000, 0x000000070a400000, 0x000000070a600000|  0%| F|  |TAMS 0x000000070a400000, 0x000000070a400000| Untracked 
|  77|0x000000070a600000, 0x000000070a600000, 0x000000070a800000|  0%| F|  |TAMS 0x000000070a600000, 0x000000070a600000| Untracked 
|  78|0x000000070a800000, 0x000000070a800000, 0x000000070aa00000|  0%| F|  |TAMS 0x000000070a800000, 0x000000070a800000| Untracked 
|  79|0x000000070aa00000, 0x000000070aa00000, 0x000000070ac00000|  0%| F|  |TAMS 0x000000070aa00000, 0x000000070aa00000| Untracked 
|  80|0x000000070ac00000, 0x000000070ac00000, 0x000000070ae00000|  0%| F|  |TAMS 0x000000070ac00000, 0x000000070ac00000| Untracked 
|  81|0x000000070ae00000, 0x000000070ae00000, 0x000000070b000000|  0%| F|  |TAMS 0x000000070ae00000, 0x000000070ae00000| Untracked 
|  82|0x000000070b000000, 0x000000070b000000, 0x000000070b200000|  0%| F|  |TAMS 0x000000070b000000, 0x000000070b000000| Untracked 
|  83|0x000000070b200000, 0x000000070b200000, 0x000000070b400000|  0%| F|  |TAMS 0x000000070b200000, 0x000000070b200000| Untracked 
|  84|0x000000070b400000, 0x000000070b400000, 0x000000070b600000|  0%| F|  |TAMS 0x000000070b400000, 0x000000070b400000| Untracked 
|  85|0x000000070b600000, 0x000000070b600000, 0x000000070b800000|  0%| F|  |TAMS 0x000000070b600000, 0x000000070b600000| Untracked 
|  86|0x000000070b800000, 0x000000070b800000, 0x000000070ba00000|  0%| F|  |TAMS 0x000000070b800000, 0x000000070b800000| Untracked 
|  87|0x000000070ba00000, 0x000000070ba00000, 0x000000070bc00000|  0%| F|  |TAMS 0x000000070ba00000, 0x000000070ba00000| Untracked 
|  88|0x000000070bc00000, 0x000000070bc00000, 0x000000070be00000|  0%| F|  |TAMS 0x000000070bc00000, 0x000000070bc00000| Untracked 
|  89|0x000000070be00000, 0x000000070be00000, 0x000000070c000000|  0%| F|  |TAMS 0x000000070be00000, 0x000000070be00000| Untracked 
|  90|0x000000070c000000, 0x000000070c000000, 0x000000070c200000|  0%| F|  |TAMS 0x000000070c000000, 0x000000070c000000| Untracked 
|  91|0x000000070c200000, 0x000000070c200000, 0x000000070c400000|  0%| F|  |TAMS 0x000000070c200000, 0x000000070c200000| Untracked 
|  92|0x000000070c400000, 0x000000070c400000, 0x000000070c600000|  0%| F|  |TAMS 0x000000070c400000, 0x000000070c400000| Untracked 
|  93|0x000000070c600000, 0x000000070c600000, 0x000000070c800000|  0%| F|  |TAMS 0x000000070c600000, 0x000000070c600000| Untracked 
|  94|0x000000070c800000, 0x000000070c800000, 0x000000070ca00000|  0%| F|  |TAMS 0x000000070c800000, 0x000000070c800000| Untracked 
|  95|0x000000070ca00000, 0x000000070ca00000, 0x000000070cc00000|  0%| F|  |TAMS 0x000000070ca00000, 0x000000070ca00000| Untracked 
|  96|0x000000070cc00000, 0x000000070cc00000, 0x000000070ce00000|  0%| F|  |TAMS 0x000000070cc00000, 0x000000070cc00000| Untracked 
|  97|0x000000070ce00000, 0x000000070ce00000, 0x000000070d000000|  0%| F|  |TAMS 0x000000070ce00000, 0x000000070ce00000| Untracked 
|  98|0x000000070d000000, 0x000000070d000000, 0x000000070d200000|  0%| F|  |TAMS 0x000000070d000000, 0x000000070d000000| Untracked 
|  99|0x000000070d200000, 0x000000070d200000, 0x000000070d400000|  0%| F|  |TAMS 0x000000070d200000, 0x000000070d200000| Untracked 
| 100|0x000000070d400000, 0x000000070d400000, 0x000000070d600000|  0%| F|  |TAMS 0x000000070d400000, 0x000000070d400000| Untracked 
| 101|0x000000070d600000, 0x000000070d600000, 0x000000070d800000|  0%| F|  |TAMS 0x000000070d600000, 0x000000070d600000| Untracked 
| 102|0x000000070d800000, 0x000000070d800000, 0x000000070da00000|  0%| F|  |TAMS 0x000000070d800000, 0x000000070d800000| Untracked 
| 103|0x000000070da00000, 0x000000070da00000, 0x000000070dc00000|  0%| F|  |TAMS 0x000000070da00000, 0x000000070da00000| Untracked 
| 104|0x000000070dc00000, 0x000000070dc00000, 0x000000070de00000|  0%| F|  |TAMS 0x000000070dc00000, 0x000000070dc00000| Untracked 
| 105|0x000000070de00000, 0x000000070de00000, 0x000000070e000000|  0%| F|  |TAMS 0x000000070de00000, 0x000000070de00000| Untracked 
| 106|0x000000070e000000, 0x000000070e000000, 0x000000070e200000|  0%| F|  |TAMS 0x000000070e000000, 0x000000070e000000| Untracked 
| 107|0x000000070e200000, 0x000000070e200000, 0x000000070e400000|  0%| F|  |TAMS 0x000000070e200000, 0x000000070e200000| Untracked 
| 108|0x000000070e400000, 0x000000070e400000, 0x000000070e600000|  0%| F|  |TAMS 0x000000070e400000, 0x000000070e400000| Untracked 
| 109|0x000000070e600000, 0x000000070e600000, 0x000000070e800000|  0%| F|  |TAMS 0x000000070e600000, 0x000000070e600000| Untracked 
| 110|0x000000070e800000, 0x000000070e800000, 0x000000070ea00000|  0%| F|  |TAMS 0x000000070e800000, 0x000000070e800000| Untracked 
| 111|0x000000070ea00000, 0x000000070eb80820, 0x000000070ec00000| 75%| E|  |TAMS 0x000000070ea00000, 0x000000070ea00000| Complete 
| 112|0x000000070ec00000, 0x000000070ee00000, 0x000000070ee00000|100%| E|CS|TAMS 0x000000070ec00000, 0x000000070ec00000| Complete 
| 113|0x000000070ee00000, 0x000000070ef98840, 0x000000070f000000| 79%| S|CS|TAMS 0x000000070ee00000, 0x000000070ee00000| Complete 
| 114|0x000000070f000000, 0x000000070f200000, 0x000000070f200000|100%| E|CS|TAMS 0x000000070f000000, 0x000000070f000000| Complete 
| 115|0x000000070f200000, 0x000000070f400000, 0x000000070f400000|100%| E|CS|TAMS 0x000000070f200000, 0x000000070f200000| Complete 
| 116|0x000000070f400000, 0x000000070f600000, 0x000000070f600000|100%| E|CS|TAMS 0x000000070f400000, 0x000000070f400000| Complete 
| 117|0x000000070f600000, 0x000000070f800000, 0x000000070f800000|100%| E|CS|TAMS 0x000000070f600000, 0x000000070f600000| Complete 
| 118|0x000000070f800000, 0x000000070fa00000, 0x000000070fa00000|100%| E|CS|TAMS 0x000000070f800000, 0x000000070f800000| Complete 
| 119|0x000000070fa00000, 0x000000070fc00000, 0x000000070fc00000|100%| E|CS|TAMS 0x000000070fa00000, 0x000000070fa00000| Complete 
| 120|0x000000070fc00000, 0x000000070fe00000, 0x000000070fe00000|100%| E|CS|TAMS 0x000000070fc00000, 0x000000070fc00000| Complete 
| 121|0x000000070fe00000, 0x0000000710000000, 0x0000000710000000|100%| E|CS|TAMS 0x000000070fe00000, 0x000000070fe00000| Complete 
| 122|0x0000000710000000, 0x0000000710200000, 0x0000000710200000|100%| E|CS|TAMS 0x0000000710000000, 0x0000000710000000| Complete 
| 123|0x0000000710200000, 0x0000000710400000, 0x0000000710400000|100%| E|CS|TAMS 0x0000000710200000, 0x0000000710200000| Complete 
| 124|0x0000000710400000, 0x0000000710600000, 0x0000000710600000|100%| E|CS|TAMS 0x0000000710400000, 0x0000000710400000| Complete 
| 125|0x0000000710600000, 0x0000000710800000, 0x0000000710800000|100%| E|CS|TAMS 0x0000000710600000, 0x0000000710600000| Complete 
| 126|0x0000000710800000, 0x0000000710a00000, 0x0000000710a00000|100%| E|CS|TAMS 0x0000000710800000, 0x0000000710800000| Complete 
| 127|0x0000000710a00000, 0x0000000710c00000, 0x0000000710c00000|100%| E|CS|TAMS 0x0000000710a00000, 0x0000000710a00000| Complete 

Card table byte_map: [0x0000023aa3cd0000,0x0000023aa44d0000] _byte_map_base: 0x0000023aa04ca000

Marking Bits (Prev, Next): (CMBitMap*) 0x0000023a98710d30, (CMBitMap*) 0x0000023a98710d70
 Prev Bits: [0x0000023aa4cd0000, 0x0000023aa8ca0000)
 Next Bits: [0x0000023aa8ca0000, 0x0000023aacc70000)

Polling page: 0x0000023a97e60000

Metaspace:

Usage:
  Non-class:     14.32 MB used.
      Class:      2.19 MB used.
       Both:     16.51 MB used.

Virtual space:
  Non-class space:       64.00 MB reserved,      14.44 MB ( 23%) committed,  1 nodes.
      Class space:        1.00 GB reserved,       2.31 MB ( <1%) committed,  1 nodes.
             Both:        1.06 GB reserved,      16.75 MB (  2%) committed. 

Chunk freelists:
   Non-Class:  752.00 KB
       Class:  13.51 MB
        Both:  14.25 MB

MaxMetaspaceSize: unlimited
CompressedClassSpaceSize: 1.00 GB
Initial GC threshold: 21.00 MB
Current GC threshold: 21.00 MB
CDS: on
MetaspaceReclaimPolicy: balanced
 - commit_granule_bytes: 65536.
 - commit_granule_words: 8192.
 - virtual_space_node_default_size: 8388608.
 - enlarge_chunks_in_place: 1.
 - new_chunks_are_fully_committed: 0.
 - uncommit_free_chunks: 1.
 - use_allocation_guard: 0.
 - handle_deallocations: 1.


Internal statistics:

num_allocs_failed_limit: 0.
num_arena_births: 214.
num_arena_deaths: 0.
num_vsnodes_births: 2.
num_vsnodes_deaths: 0.
num_space_committed: 268.
num_space_uncommitted: 0.
num_chunks_returned_to_freelist: 0.
num_chunks_taken_from_freelist: 703.
num_chunk_merges: 0.
num_chunk_splits: 497.
num_chunks_enlarged: 385.
num_inconsistent_stats: 0.

CodeCache: size=49152Kb used=6249Kb max_used=6249Kb free=42902Kb
 bounds [0x0000023aa01a0000, 0x0000023aa07c0000, 0x0000023aa31a0000]
 total_blobs=2708 nmethods=2234 adapters=398
 compilation: enabled
              stopped_count=0, restarted_count=0
 full_count=0

Compilation events (20 events):
Event: 0.817 Thread 0x0000023aafbc35a0 nmethod 2224 0x0000023aa07b0010 code [0x0000023aa07b01c0, 0x0000023aa07b0578]
Event: 0.817 Thread 0x0000023aafbc35a0 2226   !   1       java.util.concurrent.ConcurrentHashMap::transfer (849 bytes)
Event: 0.817 Thread 0x0000023aafacca30 nmethod 2222 0x0000023aa07b0690 code [0x0000023aa07b0900, 0x0000023aa07b1268]
Event: 0.819 Thread 0x0000023aafbc35a0 nmethod 2226 0x0000023aa07b1a10 code [0x0000023aa07b1d00, 0x0000023aa07b3828]
Event: 0.819 Thread 0x0000023aafbc35a0 2227 % !   1       java.util.concurrent.ConcurrentHashMap::transfer @ 372 (849 bytes)
Event: 0.820 Thread 0x0000023aafbc40b0 2228 %     1       java.util.Properties::load0 @ 29 (249 bytes)
Event: 0.821 Thread 0x0000023aafbc40b0 nmethod 2228% 0x0000023aa07b4a10 code [0x0000023aa07b4c00, 0x0000023aa07b5108]
Event: 0.822 Thread 0x0000023aafbc35a0 nmethod 2227% 0x0000023aa07b5490 code [0x0000023aa07b57a0, 0x0000023aa07b7708]
Event: 0.827 Thread 0x0000023aafbc35a0 2229   !   1       java.security.AccessController::doPrivileged (26 bytes)
Event: 0.827 Thread 0x0000023aafbc35a0 nmethod 2229 0x0000023aa07b8c90 code [0x0000023aa07b8e60, 0x0000023aa07b9088]
Event: 0.830 Thread 0x0000023aafbc35a0 2230       1       java.lang.ClassNotFoundException::<init> (7 bytes)
Event: 0.830 Thread 0x0000023aafacca30 2231       1       java.lang.ReflectiveOperationException::<init> (7 bytes)
Event: 0.830 Thread 0x0000023af553cc60 2232       1       java.lang.Exception::<init> (7 bytes)
Event: 0.830 Thread 0x0000023aafbc40b0 2233       1       java.lang.Throwable::<init> (39 bytes)
Event: 0.830 Thread 0x0000023aafbc35a0 nmethod 2230 0x0000023aa07b9290 code [0x0000023aa07b9420, 0x0000023aa07b9508]
Event: 0.830 Thread 0x0000023aafacca30 nmethod 2231 0x0000023aa07b9590 code [0x0000023aa07b9720, 0x0000023aa07b9808]
Event: 0.830 Thread 0x0000023af553cc60 nmethod 2232 0x0000023aa07b9890 code [0x0000023aa07b9a20, 0x0000023aa07b9b08]
Event: 0.830 Thread 0x0000023aafbc40b0 nmethod 2233 0x0000023aa07b9b90 code [0x0000023aa07b9d40, 0x0000023aa07ba068]
Event: 0.836 Thread 0x0000023aafbc40b0 2234       1       java.util.jar.Manifest$FastInputStream::fill (38 bytes)
Event: 0.837 Thread 0x0000023aafbc40b0 nmethod 2234 0x0000023aa07ba110 code [0x0000023aa07ba2a0, 0x0000023aa07ba3c8]

GC Heap History (4 events):
Event: 0.391 GC heap before
{Heap before GC invocations=0 (full 0):
 garbage-first heap   total 262144K, used 20480K [0x0000000700c00000, 0x0000000800000000)
  region size 2048K, 11 young (22528K), 0 survivors (0K)
 Metaspace       used 6739K, committed 6912K, reserved 1114112K
  class space    used 830K, committed 896K, reserved 1048576K
}
Event: 0.396 GC heap after
{Heap after GC invocations=1 (full 0):
 garbage-first heap   total 262144K, used 7016K [0x0000000700c00000, 0x0000000800000000)
  region size 2048K, 2 young (4096K), 2 survivors (4096K)
 Metaspace       used 6739K, committed 6912K, reserved 1114112K
  class space    used 830K, committed 896K, reserved 1048576K
}
Event: 0.647 GC heap before
{Heap before GC invocations=1 (full 0):
 garbage-first heap   total 262144K, used 31592K [0x0000000700c00000, 0x0000000800000000)
  region size 2048K, 14 young (28672K), 2 survivors (4096K)
 Metaspace       used 11203K, committed 11456K, reserved 1114112K
  class space    used 1533K, committed 1664K, reserved 1048576K
}
Event: 0.650 GC heap after
{Heap after GC invocations=2 (full 0):
 garbage-first heap   total 262144K, used 9225K [0x0000000700c00000, 0x0000000800000000)
  region size 2048K, 1 young (2048K), 1 survivors (2048K)
 Metaspace       used 11203K, committed 11456K, reserved 1114112K
  class space    used 1533K, committed 1664K, reserved 1048576K
}

Dll operation events (12 events):
Event: 0.004 Loaded shared library C:\Users\Adriano\.jdks\corretto-17.0.8\bin\java.dll
Event: 0.017 Loaded shared library C:\Users\Adriano\.jdks\corretto-17.0.8\bin\jsvml.dll
Event: 0.070 Loaded shared library C:\Users\Adriano\.jdks\corretto-17.0.8\bin\zip.dll
Event: 0.071 Loaded shared library C:\Users\Adriano\.jdks\corretto-17.0.8\bin\instrument.dll
Event: 0.075 Loaded shared library C:\Users\Adriano\.jdks\corretto-17.0.8\bin\net.dll
Event: 0.076 Loaded shared library C:\Users\Adriano\.jdks\corretto-17.0.8\bin\nio.dll
Event: 0.079 Loaded shared library C:\Users\Adriano\.jdks\corretto-17.0.8\bin\zip.dll
Event: 0.116 Loaded shared library C:\Program Files\JetBrains\IntelliJ IDEA 2023.2\bin\breakgen64.dll
Event: 0.118 Loaded shared library C:\Users\Adriano\.jdks\corretto-17.0.8\bin\jimage.dll
Event: 0.130 Loaded shared library C:\Users\Adriano\.jdks\corretto-17.0.8\bin\management.dll
Event: 0.136 Loaded shared library C:\Users\Adriano\.jdks\corretto-17.0.8\bin\management_ext.dll
Event: 0.269 Loaded shared library C:\Users\Adriano\.jdks\corretto-17.0.8\bin\verify.dll

Deoptimization events (2 events):
Event: 0.693 Thread 0x0000023af5650460 DEOPT PACKING pc=0x0000023aa07414f9 sp=0x0000004fca9fc780
Event: 0.693 Thread 0x0000023af5650460 DEOPT UNPACKING pc=0x0000023aa01f7143 sp=0x0000004fca9fbc60 mode 3

Classes unloaded (0 events):
No events

Classes redefined (0 events):
No events

Internal exceptions (20 events):
Event: 0.741 Thread 0x0000023af5650460 Exception <a 'java/lang/IncompatibleClassChangeError'{0x000000070f8ff220}: Found class java.lang.Object, but interface was expected> (0x000000070f8ff220) 
thrown [s\src\hotspot\share\interpreter\linkResolver.cpp, line 826]
Event: 0.743 Thread 0x0000023af5650460 Exception <a 'java/lang/ClassNotFoundException'{0x000000070f9150f0}: org/springframework/context/annotation/ConfigurationClassPostProcessorCustomizer> (0x000000070f9150f0) 
thrown [s\src\hotspot\share\classfile\systemDictionary.cpp, line 256]
Event: 0.744 Thread 0x0000023af5650460 Exception <a 'java/lang/ClassNotFoundException'{0x000000070f936e70}: org/springframework/beans/factory/support/BeanDefinitionRegistryPostProcessorCustomizer> (0x000000070f936e70) 
thrown [s\src\hotspot\share\classfile\systemDictionary.cpp, line 256]
Event: 0.745 Thread 0x0000023af5650460 Exception <a 'java/lang/ClassNotFoundException'{0x000000070f93e2b8}: org/springframework/beans/factory/config/BeanFactoryPostProcessorCustomizer> (0x000000070f93e2b8) 
thrown [s\src\hotspot\share\classfile\systemDictionary.cpp, line 256]
Event: 0.745 Thread 0x0000023af5650460 Exception <a 'java/lang/ClassNotFoundException'{0x000000070f945188}: org/springframework/core/PriorityOrderedCustomizer> (0x000000070f945188) 
thrown [s\src\hotspot\share\classfile\systemDictionary.cpp, line 256]
Event: 0.745 Thread 0x0000023af5650460 Exception <a 'java/lang/ClassNotFoundException'{0x000000070f94ab98}: org/springframework/core/OrderedCustomizer> (0x000000070f94ab98) 
thrown [s\src\hotspot\share\classfile\systemDictionary.cpp, line 256]
Event: 0.746 Thread 0x0000023af5650460 Exception <a 'java/lang/ClassNotFoundException'{0x000000070f951a10}: org/springframework/context/ResourceLoaderAwareCustomizer> (0x000000070f951a10) 
thrown [s\src\hotspot\share\classfile\systemDictionary.cpp, line 256]
Event: 0.746 Thread 0x0000023af5650460 Exception <a 'java/lang/ClassNotFoundException'{0x000000070f9588d8}: org/springframework/beans/factory/AwareCustomizer> (0x000000070f9588d8) 
thrown [s\src\hotspot\share\classfile\systemDictionary.cpp, line 256]
Event: 0.746 Thread 0x0000023af5650460 Exception <a 'java/lang/ClassNotFoundException'{0x000000070f95e888}: org/springframework/context/ApplicationStartupAwareCustomizer> (0x000000070f95e888) 
thrown [s\src\hotspot\share\classfile\systemDictionary.cpp, line 256]
Event: 0.746 Thread 0x0000023af5650460 Exception <a 'java/lang/ClassNotFoundException'{0x000000070f9659d8}: org/springframework/beans/factory/AwareCustomizer> (0x000000070f9659d8) 
thrown [s\src\hotspot\share\classfile\systemDictionary.cpp, line 256]
Event: 0.746 Thread 0x0000023af5650460 Exception <a 'java/lang/ClassNotFoundException'{0x000000070f96bac8}: org/springframework/beans/factory/BeanClassLoaderAwareCustomizer> (0x000000070f96bac8) 
thrown [s\src\hotspot\share\classfile\systemDictionary.cpp, line 256]
Event: 0.747 Thread 0x0000023af5650460 Exception <a 'java/lang/ClassNotFoundException'{0x000000070f972978}: org/springframework/beans/factory/AwareCustomizer> (0x000000070f972978) 
thrown [s\src\hotspot\share\classfile\systemDictionary.cpp, line 256]
Event: 0.747 Thread 0x0000023af5650460 Exception <a 'java/lang/ClassNotFoundException'{0x000000070f9785e0}: org/springframework/context/EnvironmentAwareCustomizer> (0x000000070f9785e0) 
thrown [s\src\hotspot\share\classfile\systemDictionary.cpp, line 256]
Event: 0.747 Thread 0x0000023af5650460 Exception <a 'java/lang/ClassNotFoundException'{0x000000070f97f428}: org/springframework/beans/factory/AwareCustomizer> (0x000000070f97f428) 
thrown [s\src\hotspot\share\classfile\systemDictionary.cpp, line 256]
Event: 0.770 Thread 0x0000023af577dbb0 Exception <a 'java/lang/NoSuchMethodError'{0x000000070f249480}: 'long java.lang.invoke.DirectMethodHandle$Holder.invokeSpecial(java.lang.Object, java.lang.Object)'> (0x000000070f249480) 
thrown [s\src\hotspot\share\interpreter\linkResolver.cpp, line 759]
Event: 0.771 Thread 0x0000023af577dbb0 Exception <a 'java/lang/NoSuchMethodError'{0x000000070f254350}: 'long java.lang.invoke.DirectMethodHandle$Holder.invokeStatic(java.lang.Object, java.lang.Object)'> (0x000000070f254350) 
thrown [s\src\hotspot\share\interpreter\linkResolver.cpp, line 759]
Event: 0.771 Thread 0x0000023af577dbb0 Exception <a 'java/lang/NoSuchMethodError'{0x000000070f257950}: 'long java.lang.invoke.DirectMethodHandle$Holder.invokeStaticInit(java.lang.Object, java.lang.Object)'> (0x000000070f257950) 
thrown [s\src\hotspot\share\interpreter\linkResolver.cpp, line 759]
Event: 0.772 Thread 0x0000023af577dbb0 Exception <a 'java/lang/NoSuchMethodError'{0x000000070f2654f8}: 'long java.lang.invoke.DirectMethodHandle$Holder.invokeInterface(java.lang.Object, java.lang.Object)'> (0x000000070f2654f8) 
thrown [s\src\hotspot\share\interpreter\linkResolver.cpp, line 759]
Event: 0.772 Thread 0x0000023af577dbb0 Exception <a 'java/lang/IncompatibleClassChangeError'{0x000000070f268a88}: Found class java.lang.Object, but interface was expected> (0x000000070f268a88) 
thrown [s\src\hotspot\share\interpreter\linkResolver.cpp, line 826]
Event: 0.778 Thread 0x0000023af577dbb0 Exception <a 'java/lang/NoSuchMethodError'{0x000000070f3dcee0}: 'java.lang.Object java.lang.invoke.DirectMethodHandle$Holder.invokeVirtual(java.lang.Object, java.lang.Object, java.lang.Object, java.lang.Object)'> (0x000000070f3dcee0) 
thrown [s\src\hotspot\share\interpreter\linkResolver.cpp, line 759]

VM Operations (20 events):
Event: 0.212 Executing VM operation: HandshakeAllThreads
Event: 0.212 Executing VM operation: HandshakeAllThreads done
Event: 0.332 Executing VM operation: HandshakeAllThreads
Event: 0.332 Executing VM operation: HandshakeAllThreads done
Event: 0.391 Executing VM operation: G1CollectForAllocation
Event: 0.396 Executing VM operation: G1CollectForAllocation done
Event: 0.444 Executing VM operation: HandshakeAllThreads
Event: 0.444 Executing VM operation: HandshakeAllThreads done
Event: 0.552 Executing VM operation: HandshakeAllThreads
Event: 0.552 Executing VM operation: HandshakeAllThreads done
Event: 0.626 Executing VM operation: HandshakeAllThreads
Event: 0.626 Executing VM operation: HandshakeAllThreads done
Event: 0.647 Executing VM operation: G1CollectForAllocation
Event: 0.650 Executing VM operation: G1CollectForAllocation done
Event: 0.723 Executing VM operation: HandshakeAllThreads
Event: 0.723 Executing VM operation: HandshakeAllThreads done
Event: 0.741 Executing VM operation: HandshakeAllThreads
Event: 0.741 Executing VM operation: HandshakeAllThreads done
Event: 0.755 Executing VM operation: HandshakeAllThreads
Event: 0.755 Executing VM operation: HandshakeAllThreads done

Events (20 events):
Event: 0.744 loading class java/util/AbstractList$ListItr
Event: 0.744 loading class java/util/AbstractList$ListItr done
Event: 0.753 loading class java/net/SocketException
Event: 0.753 loading class java/net/SocketException done
Event: 0.761 loading class java/util/regex/Pattern$LazyLoop
Event: 0.761 loading class java/util/regex/Pattern$Loop
Event: 0.761 loading class java/util/regex/Pattern$Loop done
Event: 0.761 loading class java/util/regex/Pattern$LazyLoop done
Event: 0.761 loading class java/util/regex/Pattern$Prolog
Event: 0.761 loading class java/util/regex/Pattern$Prolog done
Event: 0.765 loading class java/util/regex/Pattern$Pos
Event: 0.765 loading class java/util/regex/Pattern$Pos done
Event: 0.768 loading class java/lang/AssertionError
Event: 0.768 loading class java/lang/AssertionError done
Event: 0.780 Thread 0x0000023af577dbb0 Thread exited: 0x0000023af577dbb0
Event: 0.823 Thread 0x0000023af5db1d70 Thread added: 0x0000023af5db1d70
Event: 0.839 loading class javax/naming/ldap/LdapContext
Event: 0.839 loading class javax/naming/directory/DirContext
Event: 0.839 loading class javax/naming/directory/DirContext done
Event: 0.839 loading class javax/naming/ldap/LdapContext done


Dynamic libraries:
0x00007ff7007e0000 - 0x00007ff7007ed000 	C:\Users\Adriano\.jdks\corretto-17.0.8\bin\java.exe
0x00007ff9dc650000 - 0x00007ff9dc845000 	C:\Windows\SYSTEM32\ntdll.dll
0x00007ff9db970000 - 0x00007ff9dba2d000 	C:\Windows\System32\KERNEL32.DLL
0x00007ff9d9fb0000 - 0x00007ff9da278000 	C:\Windows\System32\KERNELBASE.dll
0x00007ff9d9eb0000 - 0x00007ff9d9fb0000 	C:\Windows\System32\ucrtbase.dll
0x00007ff9b2600000 - 0x00007ff9b2615000 	C:\Users\Adriano\.jdks\corretto-17.0.8\bin\VCRUNTIME140.dll
0x00007ff9b25e0000 - 0x00007ff9b25f7000 	C:\Users\Adriano\.jdks\corretto-17.0.8\bin\jli.dll
0x00007ff9dc0c0000 - 0x00007ff9dc260000 	C:\Windows\System32\USER32.dll
0x00007ff9c5640000 - 0x00007ff9c58da000 	C:\Windows\WinSxS\amd64_microsoft.windows.common-controls_6595b64144ccf1df_6.0.19041.844_none_ca00b6081b84eb1d\COMCTL32.dll
0x00007ff9d9dd0000 - 0x00007ff9d9df2000 	C:\Windows\System32\win32u.dll
0x00007ff9dc020000 - 0x00007ff9dc0be000 	C:\Windows\System32\msvcrt.dll
0x00007ff9dbd90000 - 0x00007ff9dbdba000 	C:\Windows\System32\GDI32.dll
0x00007ff9da360000 - 0x00007ff9da46b000 	C:\Windows\System32\gdi32full.dll
0x00007ff9da470000 - 0x00007ff9da50d000 	C:\Windows\System32\msvcp_win.dll
0x00007ff9db410000 - 0x00007ff9db440000 	C:\Windows\System32\IMM32.DLL
0x00007ff95a740000 - 0x00007ff95a7db000 	C:\Users\Adriano\.jdks\corretto-17.0.8\bin\msvcp140.dll
0x00007ff958220000 - 0x00007ff958e3d000 	C:\Users\Adriano\.jdks\corretto-17.0.8\bin\server\jvm.dll
0x00007ff9da830000 - 0x00007ff9da8dc000 	C:\Windows\System32\ADVAPI32.dll
0x00007ff9dc5b0000 - 0x00007ff9dc64b000 	C:\Windows\System32\sechost.dll
0x00007ff9db130000 - 0x00007ff9db25b000 	C:\Windows\System32\RPCRT4.dll
0x00007ff9d93c0000 - 0x00007ff9d940b000 	C:\Windows\SYSTEM32\POWRPROF.dll
0x00007ff9c2fa0000 - 0x00007ff9c2fa9000 	C:\Windows\SYSTEM32\WSOCK32.dll
0x00007ff9d1170000 - 0x00007ff9d1197000 	C:\Windows\SYSTEM32\WINMM.dll
0x00007ff9d3120000 - 0x00007ff9d312a000 	C:\Windows\SYSTEM32\VERSION.dll
0x00007ff9dc360000 - 0x00007ff9dc3cb000 	C:\Windows\System32\WS2_32.dll
0x00007ff9d9230000 - 0x00007ff9d9242000 	C:\Windows\SYSTEM32\UMPDC.dll
0x00007ff9d7d30000 - 0x00007ff9d7d42000 	C:\Windows\SYSTEM32\kernel.appcore.dll
0x00007ff9c3fb0000 - 0x00007ff9c3fba000 	C:\Users\Adriano\.jdks\corretto-17.0.8\bin\jimage.dll
0x00007ff9c7250000 - 0x00007ff9c7434000 	C:\Windows\SYSTEM32\DBGHELP.DLL
0x00007ff9c3fc0000 - 0x00007ff9c3fec000 	C:\Windows\SYSTEM32\dbgcore.DLL
0x00007ff9da510000 - 0x00007ff9da590000 	C:\Windows\System32\bcryptPrimitives.dll
0x00007ff9cf870000 - 0x00007ff9cf87e000 	C:\Users\Adriano\.jdks\corretto-17.0.8\bin\instrument.dll
0x00007ff9b19f0000 - 0x00007ff9b1a15000 	C:\Users\Adriano\.jdks\corretto-17.0.8\bin\java.dll
0x00007ff95a660000 - 0x00007ff95a736000 	C:\Users\Adriano\.jdks\corretto-17.0.8\bin\jsvml.dll
0x00007ff9da9e0000 - 0x00007ff9db122000 	C:\Windows\System32\SHELL32.dll
0x00007ff9d7f30000 - 0x00007ff9d86c1000 	C:\Windows\SYSTEM32\windows.storage.dll
0x00007ff9dba30000 - 0x00007ff9dbd85000 	C:\Windows\System32\combase.dll
0x00007ff9d9840000 - 0x00007ff9d986c000 	C:\Windows\SYSTEM32\Wldp.dll
0x00007ff9dc500000 - 0x00007ff9dc5ae000 	C:\Windows\System32\SHCORE.dll
0x00007ff9dc260000 - 0x00007ff9dc2b5000 	C:\Windows\System32\shlwapi.dll
0x00007ff9d9d10000 - 0x00007ff9d9d2f000 	C:\Windows\SYSTEM32\profapi.dll
0x00007ff9b0840000 - 0x00007ff9b0858000 	C:\Users\Adriano\.jdks\corretto-17.0.8\bin\zip.dll
0x00007ff9b25c0000 - 0x00007ff9b25d9000 	C:\Users\Adriano\.jdks\corretto-17.0.8\bin\net.dll
0x00007ff9d2280000 - 0x00007ff9d238b000 	C:\Windows\SYSTEM32\WINHTTP.dll
0x00007ff9d95b0000 - 0x00007ff9d961a000 	C:\Windows\system32\mswsock.dll
0x00007ff9b0860000 - 0x00007ff9b0875000 	C:\Users\Adriano\.jdks\corretto-17.0.8\bin\nio.dll
0x00007ff9b2830000 - 0x00007ff9b284a000 	C:\Program Files\JetBrains\IntelliJ IDEA 2023.2\bin\breakgen64.dll
0x00007ff9d92a0000 - 0x00007ff9d936c000 	C:\Windows\SYSTEM32\DNSAPI.dll
0x00007ff9d9250000 - 0x00007ff9d928b000 	C:\Windows\SYSTEM32\IPHLPAPI.DLL
0x00007ff9dc010000 - 0x00007ff9dc018000 	C:\Windows\System32\NSI.dll
0x00007ff9d18a0000 - 0x00007ff9d18aa000 	C:\Windows\System32\rasadhlp.dll
0x00007ff9d15e0000 - 0x00007ff9d165f000 	C:\Windows\System32\fwpuclnt.dll
0x00007ff9da330000 - 0x00007ff9da357000 	C:\Windows\System32\bcrypt.dll
0x00007ff9d4f80000 - 0x00007ff9d4f89000 	C:\Users\Adriano\.jdks\corretto-17.0.8\bin\management.dll
0x00007ff9d3b00000 - 0x00007ff9d3b0b000 	C:\Users\Adriano\.jdks\corretto-17.0.8\bin\management_ext.dll
0x00007ff9da9d0000 - 0x00007ff9da9d8000 	C:\Windows\System32\PSAPI.DLL
0x00007ff9d9780000 - 0x00007ff9d9798000 	C:\Windows\SYSTEM32\CRYPTSP.dll
0x00007ff9d8ee0000 - 0x00007ff9d8f14000 	C:\Windows\system32\rsaenh.dll
0x00007ff9d9c90000 - 0x00007ff9d9cbe000 	C:\Windows\SYSTEM32\USERENV.dll
0x00007ff9d97a0000 - 0x00007ff9d97ac000 	C:\Windows\SYSTEM32\CRYPTBASE.dll
0x00007ff9d3f70000 - 0x00007ff9d3f87000 	C:\Windows\SYSTEM32\dhcpcsvc6.DLL
0x00007ff9d3f40000 - 0x00007ff9d3f5d000 	C:\Windows\SYSTEM32\dhcpcsvc.DLL
0x00007ff9b3810000 - 0x00007ff9b3827000 	C:\Windows\system32\napinsp.dll
0x00007ff9b37f0000 - 0x00007ff9b380b000 	C:\Windows\system32\pnrpnsp.dll
0x00007ff9b37d0000 - 0x00007ff9b37e5000 	C:\Windows\system32\wshbth.dll
0x00007ff9d6920000 - 0x00007ff9d693d000 	C:\Windows\system32\NLAapi.dll
0x00007ff9b37b0000 - 0x00007ff9b37c2000 	C:\Windows\System32\winrnr.dll
0x00007ff9b0830000 - 0x00007ff9b0840000 	C:\Users\Adriano\.jdks\corretto-17.0.8\bin\verify.dll

dbghelp: loaded successfully - version: 4.0.5 - missing functions: none
symbol engine: initialized successfully - sym options: 0x614 - pdb path: .;C:\Users\Adriano\.jdks\corretto-17.0.8\bin;C:\Windows\SYSTEM32;C:\Windows\WinSxS\amd64_microsoft.windows.common-controls_6595b64144ccf1df_6.0.19041.844_none_ca00b6081b84eb1d;C:\Users\Adriano\.jdks\corretto-17.0.8\bin\server;C:\Program Files\JetBrains\IntelliJ IDEA 2023.2\bin

VM Arguments:
jvm_args: -XX:TieredStopAtLevel=1 -Dspring.output.ansi.enabled=always -Dcom.sun.management.jmxremote -Dspring.jmx.enabled=true -Dspring.liveBeansView.mbeanDomain -Dspring.application.admin.enabled=true -Dmanagement.endpoints.jmx.exposure.include=* -javaagent:C:\Program Files\JetBrains\IntelliJ IDEA 2023.2\lib\idea_rt.jar=52923:C:\Program Files\JetBrains\IntelliJ IDEA 2023.2\bin -Dfile.encoding=UTF-8 
java_command: pe.edu.upc.aww.takemehome0_0.TakemeHome00Application
java_class_path (initial): C:\Users\Adriano\Desktop\tmh\Takemehome-main\takemehomeoficial\TakemeHome0_0\target\classes;C:\Users\Adriano\.m2\repository\org\modelmapper\modelmapper\3.1.1\modelmapper-3.1.1.jar;C:\Users\Adriano\.m2\repository\org\springdoc\springdoc-openapi-ui\1.6.4\springdoc-openapi-ui-1.6.4.jar;C:\Users\Adriano\.m2\repository\org\springdoc\springdoc-openapi-webmvc-core\1.6.4\springdoc-openapi-webmvc-core-1.6.4.jar;C:\Users\Adriano\.m2\repository\org\springdoc\springdoc-openapi-common\1.6.4\springdoc-openapi-common-1.6.4.jar;C:\Users\Adriano\.m2\repository\io\swagger\core\v3\swagger-core\2.1.12\swagger-core-2.1.12.jar;C:\Users\Adriano\.m2\repository\org\apache\commons\commons-lang3\3.12.0\commons-lang3-3.12.0.jar;C:\Users\Adriano\.m2\repository\com\fasterxml\jackson\dataformat\jackson-dataformat-yaml\2.13.5\jackson-dataformat-yaml-2.13.5.jar;C:\Users\Adriano\.m2\repository\io\swagger\core\v3\swagger-annotations\2.1.12\swagger-annotations-2.1.12.jar;C:\Users\Adriano\.m2\repository\io\swagger\core\v3\swagger-models\2.1.12\swagger-models-2.1.12.jar;C:\Users\Adriano\.m2\repository\jakarta\validation\jakarta.validation-api\2.0.2\jakarta.validation-api-2.0.2.jar;C:\Users\Adriano\.m2\repository\org\webjars\swagger-ui\4.1.3\swagger-ui-4.1.3.jar;C:\Users\Adriano\.m2\repository\org\webjars\webjars-locator-core\0.50\webjars-locator-core-0.50.jar;C:\Users\Adriano\.m2\repository\org\slf4j\slf4j-api\1.7.36\slf4j-api-1.7.36.jar;C:\Users\Adriano\.m2\repository\com\fasterxml\jackson\core\jackson-core\2.13.5\jackson-core-2.13.5.jar;C:\Users\Adriano\.m2\repository\io\github\classgraph\classgraph\4.8.138\classgraph-4.8.138.jar;C:\Users\Adriano\.m2\repository\org\springframework\boot\spring-boot-starter-data-jpa\2.7.14\spring-boot-starter-data-jpa-2.7.14.jar;C:\Users\Adriano\.m2\repository\org\springframework\boot\spring-boot-starter-aop\2.7.14\spring-boot-starter-aop-2.7.14.jar;C:\Users\Adriano\.m2\repository\org\springframework\spring-aop\5.3.29\spring-aop-5.3.29.jar;C
Launcher Type: SUN_STANDARD

[Global flags]
     intx CICompilerCount                          = 4                                         {product} {ergonomic}
     uint ConcGCThreads                            = 3                                         {product} {ergonomic}
     uint G1ConcRefinementThreads                  = 10                                        {product} {ergonomic}
   size_t G1HeapRegionSize                         = 2097152                                   {product} {ergonomic}
    uintx GCDrainStackTargetSize                   = 64                                        {product} {ergonomic}
   size_t InitialHeapSize                          = 268435456                                 {product} {ergonomic}
     bool ManagementServer                         = true                                      {product} {command line}
   size_t MarkStackSize                            = 4194304                                   {product} {ergonomic}
   size_t MaxHeapSize                              = 4282384384                                {product} {ergonomic}
   size_t MaxNewSize                               = 2569011200                                {product} {ergonomic}
   size_t MinHeapDeltaBytes                        = 2097152                                   {product} {ergonomic}
   size_t MinHeapSize                              = 8388608                                   {product} {ergonomic}
    uintx NonProfiledCodeHeapSize                  = 0                                      {pd product} {ergonomic}
     bool ProfileInterpreter                       = false                                  {pd product} {command line}
    uintx ProfiledCodeHeapSize                     = 0                                      {pd product} {ergonomic}
   size_t SoftMaxHeapSize                          = 4282384384                             {manageable} {ergonomic}
     intx TieredStopAtLevel                        = 1                                         {product} {command line}
     bool UseCompressedClassPointers               = true                           {product lp64_product} {ergonomic}
     bool UseCompressedOops                        = true                           {product lp64_product} {ergonomic}
     bool UseG1GC                                  = true                                      {product} {ergonomic}
     bool UseLargePagesIndividualAllocation        = false                                  {pd product} {ergonomic}

Logging:
Log output configuration:
 #0: stdout all=warning uptime,level,tags
 #1: stderr all=off uptime,level,tags

Environment Variables:
PATH=C:\Program Files\Microsoft\jdk-11.0.12.7-hotspot\bin;C:\Windows\system32;C:\Windows;C:\Windows\System32\Wbem;C:\Windows\System32\WindowsPowerShell\v1.0\;C:\Windows\System32\OpenSSH\;C:\Program Files (x86)\NVIDIA Corporation\PhysX\Common;C:\Program Files\NVIDIA Corporation\NVIDIA NvDLISR;C:\Program Files\wooting-analog-sdk\;C:\Program Files\Azure Data Studio\bin;C:\Program Files\Microsoft SQL Server\Client SDK\ODBC\170\Tools\Binn\;C:\Program Files (x86)\Microsoft SQL Server\150\Tools\Binn\;C:\Program Files\Microsoft SQL Server\150\Tools\Binn\;C:\Program Files\Microsoft SQL Server\150\DTS\Binn\;C:\Program Files (x86)\Microsoft SQL Server\150\DTS\Binn\;C:\Program Files\dotnet\;C:\Program Files\Git\cmd;C:\Users\Adriano\AppData\Local\Microsoft\WindowsApps;C:\Program Files\Azure Data Studio\bin;C:\Users\Adriano\.dotnet\tools;D:\VSCODE\Microsoft VS Code\bin;C:\Users\Adriano\AppData\Local\JetBrains\Toolbox\scripts;;C:\Program Files\JetBrains\IntelliJ IDEA 2023.2\bin;
USERNAME=Adriano
OS=Windows_NT
PROCESSOR_IDENTIFIER=AMD64 Family 23 Model 113 Stepping 0, AuthenticAMD
TMP=C:\Users\Adriano\AppData\Local\Temp
TEMP=C:\Users\Adriano\AppData\Local\Temp



---------------  S Y S T E M  ---------------

OS:
 Windows 10 , 64 bit Build 19041 (10.0.19041.928)
OS uptime: 0 days 5:54 hours

CPU: total 12 (initial active 12) (12 cores per cpu, 2 threads per core) family 23 model 113 stepping 0 microcode 0x0, cx8, cmov, fxsr, ht, mmx, 3dnowpref, sse, sse2, sse3, ssse3, sse4a, sse4.1, sse4.2, popcnt, lzcnt, tsc, tscinvbit, avx, avx2, aes, clmul, bmi1, bmi2, adx, sha, fma, vzeroupper, clflush, clflushopt
Processor Information for all 12 processors :
  Max Mhz: 3593, Current Mhz: 3593, Mhz Limit: 3593

Memory: 4k page, system-wide physical 16333M (3840M free)
TotalPageFile size 16333M (AvailPageFile size 5M)
current process WorkingSet (physical memory assigned to process): 107M, peak: 107M
current process commit charge ("private bytes"): 377M, peak: 377M

vm_info: OpenJDK 64-Bit Server VM (17.0.8+7-LTS) for windows-amd64 JRE (17.0.8+7-LTS), built on Jul 10 2023 20:26:03 by "Administrator" with MS VC++ 15.9 (VS2017)

END.
